>16-04-2024 01:43:58 [restartedMain] INFO  c.r.bookService.BookServiceApplication   ::-> Starting BookServiceApplication using Java 17.0.7 with PID 1748 (D:\coding\2024\workspace\springboot\bookexchangerentmicroserviceproject\BookService\target\classes started by pandi in D:\coding\2024\workspace\springboot\bookexchangerentmicroserviceproject\BookService) Starting BookServiceApplication using Java 17.0.7 with PID 1748 (D:\coding\2024\workspace\springboot\bookexchangerentmicroserviceproject\BookService\target\classes started by pandi in D:\coding\2024\workspace\springboot\bookexchangerentmicroserviceproject\BookService)
>16-04-2024 01:43:58 [restartedMain] INFO  c.r.bookService.BookServiceApplication   ::-> The following 1 profile is active: "dev" The following 1 profile is active: "dev"
>16-04-2024 01:43:58 [restartedMain] INFO  o.s.b.d.e.DevToolsPropertyDefaultsPostProcessor ::-> Devtools property defaults active! Set 'spring.devtools.add-properties' to 'false' to disable Devtools property defaults active! Set 'spring.devtools.add-properties' to 'false' to disable
>16-04-2024 01:43:58 [restartedMain] INFO  o.s.b.d.e.DevToolsPropertyDefaultsPostProcessor ::-> For additional web related logging consider setting the 'logging.level.web' property to 'DEBUG' For additional web related logging consider setting the 'logging.level.web' property to 'DEBUG'
>16-04-2024 01:43:59 [restartedMain] INFO  o.s.d.r.c.RepositoryConfigurationDelegate ::-> Bootstrapping Spring Data JPA repositories in DEFAULT mode. Bootstrapping Spring Data JPA repositories in DEFAULT mode.
>16-04-2024 01:43:59 [restartedMain] INFO  o.s.d.r.c.RepositoryConfigurationDelegate ::-> Finished Spring Data repository scanning in 51 ms. Found 4 JPA repository interfaces. Finished Spring Data repository scanning in 51 ms. Found 4 JPA repository interfaces.
>16-04-2024 01:43:59 [restartedMain] INFO  o.s.b.w.embedded.tomcat.TomcatWebServer  ::-> Tomcat initialized with port 8081 (http) Tomcat initialized with port 8081 (http)
>16-04-2024 01:43:59 [restartedMain] INFO  o.apache.catalina.core.StandardService   ::-> Starting service [Tomcat] Starting service [Tomcat]
>16-04-2024 01:43:59 [restartedMain] INFO  org.apache.catalina.core.StandardEngine  ::-> Starting Servlet engine: [Apache Tomcat/10.1.19] Starting Servlet engine: [Apache Tomcat/10.1.19]
>16-04-2024 01:44:00 [restartedMain] INFO  o.a.c.c.C.[.[localhost].[/bookservice]   ::-> Initializing Spring embedded WebApplicationContext Initializing Spring embedded WebApplicationContext
>16-04-2024 01:44:00 [restartedMain] INFO  o.s.b.w.s.c.ServletWebServerApplicationContext ::-> Root WebApplicationContext: initialization completed in 1933 ms Root WebApplicationContext: initialization completed in 1933 ms
>16-04-2024 01:44:00 [restartedMain] INFO  o.hibernate.jpa.internal.util.LogHelper  ::-> HHH000204: Processing PersistenceUnitInfo [name: default] HHH000204: Processing PersistenceUnitInfo [name: default]
>16-04-2024 01:44:00 [restartedMain] INFO  org.hibernate.Version                    ::-> HHH000412: Hibernate ORM core version 6.4.4.Final HHH000412: Hibernate ORM core version 6.4.4.Final
>16-04-2024 01:44:00 [restartedMain] INFO  o.h.c.internal.RegionFactoryInitiator    ::-> HHH000026: Second-level cache disabled HHH000026: Second-level cache disabled
>16-04-2024 01:44:00 [restartedMain] INFO  o.s.o.j.p.SpringPersistenceUnitInfo      ::-> No LoadTimeWeaver setup: ignoring JPA class transformer No LoadTimeWeaver setup: ignoring JPA class transformer
>16-04-2024 01:44:00 [restartedMain] INFO  com.zaxxer.hikari.HikariDataSource       ::-> HikariPool-1 - Starting... HikariPool-1 - Starting...
>16-04-2024 01:44:01 [restartedMain] INFO  com.zaxxer.hikari.pool.HikariPool        ::-> HikariPool-1 - Added connection com.mysql.cj.jdbc.ConnectionImpl@202f2abd HikariPool-1 - Added connection com.mysql.cj.jdbc.ConnectionImpl@202f2abd
>16-04-2024 01:44:01 [restartedMain] INFO  com.zaxxer.hikari.HikariDataSource       ::-> HikariPool-1 - Start completed. HikariPool-1 - Start completed.
>16-04-2024 01:44:01 [restartedMain] ERROR o.s.o.j.LocalContainerEntityManagerFactoryBean ::-> Failed to initialize JPA EntityManagerFactory: [PersistenceUnit: default] Unable to build Hibernate SessionFactory; nested exception is org.hibernate.MappingException: Column 'google_api_book_subtitle' is duplicated in mapping for entity 'com.readingTom.bookService.entities.GoogleApiBook' (use '@Column(insertable=false, updatable=false)' when mapping multiple properties to the same column) Failed to initialize JPA EntityManagerFactory: [PersistenceUnit: default] Unable to build Hibernate SessionFactory; nested exception is org.hibernate.MappingException: Column 'google_api_book_subtitle' is duplicated in mapping for entity 'com.readingTom.bookService.entities.GoogleApiBook' (use '@Column(insertable=false, updatable=false)' when mapping multiple properties to the same column)
>16-04-2024 01:44:01 [restartedMain] WARN  o.s.b.w.s.c.AnnotationConfigServletWebServerApplicationContext ::-> Exception encountered during context initialization - cancelling refresh attempt: org.springframework.beans.factory.BeanCreationException: Error creating bean with name 'entityManagerFactory' defined in class path resource [org/springframework/boot/autoconfigure/orm/jpa/HibernateJpaConfiguration.class]: [PersistenceUnit: default] Unable to build Hibernate SessionFactory; nested exception is org.hibernate.MappingException: Column 'google_api_book_subtitle' is duplicated in mapping for entity 'com.readingTom.bookService.entities.GoogleApiBook' (use '@Column(insertable=false, updatable=false)' when mapping multiple properties to the same column) Exception encountered during context initialization - cancelling refresh attempt: org.springframework.beans.factory.BeanCreationException: Error creating bean with name 'entityManagerFactory' defined in class path resource [org/springframework/boot/autoconfigure/orm/jpa/HibernateJpaConfiguration.class]: [PersistenceUnit: default] Unable to build Hibernate SessionFactory; nested exception is org.hibernate.MappingException: Column 'google_api_book_subtitle' is duplicated in mapping for entity 'com.readingTom.bookService.entities.GoogleApiBook' (use '@Column(insertable=false, updatable=false)' when mapping multiple properties to the same column)
>16-04-2024 01:44:01 [restartedMain] INFO  com.zaxxer.hikari.HikariDataSource       ::-> HikariPool-1 - Shutdown initiated... HikariPool-1 - Shutdown initiated...
>16-04-2024 01:44:01 [restartedMain] INFO  com.zaxxer.hikari.HikariDataSource       ::-> HikariPool-1 - Shutdown completed. HikariPool-1 - Shutdown completed.
>16-04-2024 01:44:01 [restartedMain] INFO  o.apache.catalina.core.StandardService   ::-> Stopping service [Tomcat] Stopping service [Tomcat]
>16-04-2024 01:44:01 [restartedMain] INFO  o.s.b.a.l.ConditionEvaluationReportLogger ::-> 

Error starting ApplicationContext. To display the condition evaluation report re-run your application with 'debug' enabled. 

Error starting ApplicationContext. To display the condition evaluation report re-run your application with 'debug' enabled.
>16-04-2024 01:44:01 [restartedMain] ERROR o.springframework.boot.SpringApplication ::-> Application run failed Application run failed
org.springframework.beans.factory.BeanCreationException: Error creating bean with name 'entityManagerFactory' defined in class path resource [org/springframework/boot/autoconfigure/orm/jpa/HibernateJpaConfiguration.class]: [PersistenceUnit: default] Unable to build Hibernate SessionFactory; nested exception is org.hibernate.MappingException: Column 'google_api_book_subtitle' is duplicated in mapping for entity 'com.readingTom.bookService.entities.GoogleApiBook' (use '@Column(insertable=false, updatable=false)' when mapping multiple properties to the same column)
	at org.springframework.beans.factory.support.AbstractAutowireCapableBeanFactory.initializeBean(AbstractAutowireCapableBeanFactory.java:1786)
	at org.springframework.beans.factory.support.AbstractAutowireCapableBeanFactory.doCreateBean(AbstractAutowireCapableBeanFactory.java:600)
	at org.springframework.beans.factory.support.AbstractAutowireCapableBeanFactory.createBean(AbstractAutowireCapableBeanFactory.java:522)
	at org.springframework.beans.factory.support.AbstractBeanFactory.lambda$doGetBean$0(AbstractBeanFactory.java:326)
	at org.springframework.beans.factory.support.DefaultSingletonBeanRegistry.getSingleton(DefaultSingletonBeanRegistry.java:234)
	at org.springframework.beans.factory.support.AbstractBeanFactory.doGetBean(AbstractBeanFactory.java:324)
	at org.springframework.beans.factory.support.AbstractBeanFactory.getBean(AbstractBeanFactory.java:200)
	at org.springframework.context.support.AbstractApplicationContext.getBean(AbstractApplicationContext.java:1234)
	at org.springframework.context.support.AbstractApplicationContext.finishBeanFactoryInitialization(AbstractApplicationContext.java:952)
	at org.springframework.context.support.AbstractApplicationContext.refresh(AbstractApplicationContext.java:624)
	at org.springframework.boot.web.servlet.context.ServletWebServerApplicationContext.refresh(ServletWebServerApplicationContext.java:146)
	at org.springframework.boot.SpringApplication.refresh(SpringApplication.java:754)
	at org.springframework.boot.SpringApplication.refreshContext(SpringApplication.java:456)
	at org.springframework.boot.SpringApplication.run(SpringApplication.java:334)
	at org.springframework.boot.SpringApplication.run(SpringApplication.java:1354)
	at org.springframework.boot.SpringApplication.run(SpringApplication.java:1343)
	at com.readingTom.bookService.BookServiceApplication.main(BookServiceApplication.java:13)
	at java.base/jdk.internal.reflect.NativeMethodAccessorImpl.invoke0(Native Method)
	at java.base/jdk.internal.reflect.NativeMethodAccessorImpl.invoke(NativeMethodAccessorImpl.java:77)
	at java.base/jdk.internal.reflect.DelegatingMethodAccessorImpl.invoke(DelegatingMethodAccessorImpl.java:43)
	at java.base/java.lang.reflect.Method.invoke(Method.java:568)
	at org.springframework.boot.devtools.restart.RestartLauncher.run(RestartLauncher.java:50)
Caused by: jakarta.persistence.PersistenceException: [PersistenceUnit: default] Unable to build Hibernate SessionFactory; nested exception is org.hibernate.MappingException: Column 'google_api_book_subtitle' is duplicated in mapping for entity 'com.readingTom.bookService.entities.GoogleApiBook' (use '@Column(insertable=false, updatable=false)' when mapping multiple properties to the same column)
	at org.springframework.orm.jpa.AbstractEntityManagerFactoryBean.buildNativeEntityManagerFactory(AbstractEntityManagerFactoryBean.java:421)
	at org.springframework.orm.jpa.AbstractEntityManagerFactoryBean.afterPropertiesSet(AbstractEntityManagerFactoryBean.java:396)
	at org.springframework.orm.jpa.LocalContainerEntityManagerFactoryBean.afterPropertiesSet(LocalContainerEntityManagerFactoryBean.java:366)
	at org.springframework.beans.factory.support.AbstractAutowireCapableBeanFactory.invokeInitMethods(AbstractAutowireCapableBeanFactory.java:1833)
	at org.springframework.beans.factory.support.AbstractAutowireCapableBeanFactory.initializeBean(AbstractAutowireCapableBeanFactory.java:1782)
	... 21 common frames omitted
Caused by: org.hibernate.MappingException: Column 'google_api_book_subtitle' is duplicated in mapping for entity 'com.readingTom.bookService.entities.GoogleApiBook' (use '@Column(insertable=false, updatable=false)' when mapping multiple properties to the same column)
	at org.hibernate.mapping.Value.checkColumnDuplication(Value.java:197)
	at org.hibernate.mapping.MappingHelper.checkPropertyColumnDuplication(MappingHelper.java:249)
	at org.hibernate.mapping.PersistentClass.checkColumnDuplication(PersistentClass.java:938)
	at org.hibernate.mapping.PersistentClass.validate(PersistentClass.java:678)
	at org.hibernate.mapping.RootClass.validate(RootClass.java:273)
	at org.hibernate.boot.internal.MetadataImpl.validate(MetadataImpl.java:497)
	at org.hibernate.internal.SessionFactoryImpl.<init>(SessionFactoryImpl.java:273)
	at org.hibernate.boot.internal.SessionFactoryBuilderImpl.build(SessionFactoryBuilderImpl.java:450)
	at org.hibernate.jpa.boot.internal.EntityManagerFactoryBuilderImpl.build(EntityManagerFactoryBuilderImpl.java:1507)
	at org.springframework.orm.jpa.vendor.SpringHibernateJpaPersistenceProvider.createContainerEntityManagerFactory(SpringHibernateJpaPersistenceProvider.java:75)
	at org.springframework.orm.jpa.LocalContainerEntityManagerFactoryBean.createNativeEntityManagerFactory(LocalContainerEntityManagerFactoryBean.java:390)
	at org.springframework.orm.jpa.AbstractEntityManagerFactoryBean.buildNativeEntityManagerFactory(AbstractEntityManagerFactoryBean.java:409)
	... 25 common frames omitted
>16-04-2024 01:45:25 [restartedMain] INFO  c.r.bookService.BookServiceApplication   ::-> Starting BookServiceApplication using Java 17.0.7 with PID 24992 (D:\coding\2024\workspace\springboot\bookexchangerentmicroserviceproject\BookService\target\classes started by pandi in D:\coding\2024\workspace\springboot\bookexchangerentmicroserviceproject\BookService) Starting BookServiceApplication using Java 17.0.7 with PID 24992 (D:\coding\2024\workspace\springboot\bookexchangerentmicroserviceproject\BookService\target\classes started by pandi in D:\coding\2024\workspace\springboot\bookexchangerentmicroserviceproject\BookService)
>16-04-2024 01:45:25 [restartedMain] INFO  c.r.bookService.BookServiceApplication   ::-> The following 1 profile is active: "dev" The following 1 profile is active: "dev"
>16-04-2024 01:45:25 [restartedMain] INFO  o.s.b.d.e.DevToolsPropertyDefaultsPostProcessor ::-> Devtools property defaults active! Set 'spring.devtools.add-properties' to 'false' to disable Devtools property defaults active! Set 'spring.devtools.add-properties' to 'false' to disable
>16-04-2024 01:45:25 [restartedMain] INFO  o.s.b.d.e.DevToolsPropertyDefaultsPostProcessor ::-> For additional web related logging consider setting the 'logging.level.web' property to 'DEBUG' For additional web related logging consider setting the 'logging.level.web' property to 'DEBUG'
>16-04-2024 01:45:26 [restartedMain] INFO  o.s.d.r.c.RepositoryConfigurationDelegate ::-> Bootstrapping Spring Data JPA repositories in DEFAULT mode. Bootstrapping Spring Data JPA repositories in DEFAULT mode.
>16-04-2024 01:45:26 [restartedMain] INFO  o.s.d.r.c.RepositoryConfigurationDelegate ::-> Finished Spring Data repository scanning in 51 ms. Found 4 JPA repository interfaces. Finished Spring Data repository scanning in 51 ms. Found 4 JPA repository interfaces.
>16-04-2024 01:45:27 [restartedMain] INFO  o.s.b.w.embedded.tomcat.TomcatWebServer  ::-> Tomcat initialized with port 8081 (http) Tomcat initialized with port 8081 (http)
>16-04-2024 01:45:27 [restartedMain] INFO  o.apache.catalina.core.StandardService   ::-> Starting service [Tomcat] Starting service [Tomcat]
>16-04-2024 01:45:27 [restartedMain] INFO  org.apache.catalina.core.StandardEngine  ::-> Starting Servlet engine: [Apache Tomcat/10.1.19] Starting Servlet engine: [Apache Tomcat/10.1.19]
>16-04-2024 01:45:27 [restartedMain] INFO  o.a.c.c.C.[.[localhost].[/bookservice]   ::-> Initializing Spring embedded WebApplicationContext Initializing Spring embedded WebApplicationContext
>16-04-2024 01:45:27 [restartedMain] INFO  o.s.b.w.s.c.ServletWebServerApplicationContext ::-> Root WebApplicationContext: initialization completed in 1690 ms Root WebApplicationContext: initialization completed in 1690 ms
>16-04-2024 01:45:27 [restartedMain] INFO  o.hibernate.jpa.internal.util.LogHelper  ::-> HHH000204: Processing PersistenceUnitInfo [name: default] HHH000204: Processing PersistenceUnitInfo [name: default]
>16-04-2024 01:45:27 [restartedMain] INFO  org.hibernate.Version                    ::-> HHH000412: Hibernate ORM core version 6.4.4.Final HHH000412: Hibernate ORM core version 6.4.4.Final
>16-04-2024 01:45:27 [restartedMain] INFO  o.h.c.internal.RegionFactoryInitiator    ::-> HHH000026: Second-level cache disabled HHH000026: Second-level cache disabled
>16-04-2024 01:45:27 [restartedMain] INFO  o.s.o.j.p.SpringPersistenceUnitInfo      ::-> No LoadTimeWeaver setup: ignoring JPA class transformer No LoadTimeWeaver setup: ignoring JPA class transformer
>16-04-2024 01:45:27 [restartedMain] INFO  com.zaxxer.hikari.HikariDataSource       ::-> HikariPool-1 - Starting... HikariPool-1 - Starting...
>16-04-2024 01:45:28 [restartedMain] INFO  com.zaxxer.hikari.pool.HikariPool        ::-> HikariPool-1 - Added connection com.mysql.cj.jdbc.ConnectionImpl@77df4eb9 HikariPool-1 - Added connection com.mysql.cj.jdbc.ConnectionImpl@77df4eb9
>16-04-2024 01:45:28 [restartedMain] INFO  com.zaxxer.hikari.HikariDataSource       ::-> HikariPool-1 - Start completed. HikariPool-1 - Start completed.
>16-04-2024 01:45:29 [restartedMain] INFO  o.h.e.t.j.p.i.JtaPlatformInitiator       ::-> HHH000489: No JTA platform available (set 'hibernate.transaction.jta.platform' to enable JTA platform integration) HHH000489: No JTA platform available (set 'hibernate.transaction.jta.platform' to enable JTA platform integration)
>16-04-2024 01:45:29 [restartedMain] INFO  o.s.o.j.LocalContainerEntityManagerFactoryBean ::-> Initialized JPA EntityManagerFactory for persistence unit 'default' Initialized JPA EntityManagerFactory for persistence unit 'default'
>16-04-2024 01:45:29 [restartedMain] WARN  o.s.b.w.s.c.AnnotationConfigServletWebServerApplicationContext ::-> Exception encountered during context initialization - cancelling refresh attempt: org.springframework.beans.factory.UnsatisfiedDependencyException: Error creating bean with name 'bookAuthorController' defined in file [D:\coding\2024\workspace\springboot\bookexchangerentmicroserviceproject\BookService\target\classes\com\readingTom\bookService\controllers\BookAuthorController.class]: Unsatisfied dependency expressed through constructor parameter 0: No qualifying bean of type 'com.readingTom.bookServices.BookAuthorService' available: expected at least 1 bean which qualifies as autowire candidate. Dependency annotations: {} Exception encountered during context initialization - cancelling refresh attempt: org.springframework.beans.factory.UnsatisfiedDependencyException: Error creating bean with name 'bookAuthorController' defined in file [D:\coding\2024\workspace\springboot\bookexchangerentmicroserviceproject\BookService\target\classes\com\readingTom\bookService\controllers\BookAuthorController.class]: Unsatisfied dependency expressed through constructor parameter 0: No qualifying bean of type 'com.readingTom.bookServices.BookAuthorService' available: expected at least 1 bean which qualifies as autowire candidate. Dependency annotations: {}
>16-04-2024 01:45:29 [restartedMain] INFO  o.s.o.j.LocalContainerEntityManagerFactoryBean ::-> Closing JPA EntityManagerFactory for persistence unit 'default' Closing JPA EntityManagerFactory for persistence unit 'default'
>16-04-2024 01:45:29 [restartedMain] INFO  com.zaxxer.hikari.HikariDataSource       ::-> HikariPool-1 - Shutdown initiated... HikariPool-1 - Shutdown initiated...
>16-04-2024 01:45:29 [restartedMain] INFO  com.zaxxer.hikari.HikariDataSource       ::-> HikariPool-1 - Shutdown completed. HikariPool-1 - Shutdown completed.
>16-04-2024 01:45:29 [restartedMain] INFO  o.apache.catalina.core.StandardService   ::-> Stopping service [Tomcat] Stopping service [Tomcat]
>16-04-2024 01:45:29 [restartedMain] INFO  o.s.b.a.l.ConditionEvaluationReportLogger ::-> 

Error starting ApplicationContext. To display the condition evaluation report re-run your application with 'debug' enabled. 

Error starting ApplicationContext. To display the condition evaluation report re-run your application with 'debug' enabled.
>16-04-2024 01:45:29 [restartedMain] ERROR o.s.b.d.LoggingFailureAnalysisReporter   ::-> 

***************************
APPLICATION FAILED TO START
***************************

Description:

Parameter 0 of constructor in com.readingTom.bookService.controllers.BookAuthorController required a bean of type 'com.readingTom.bookServices.BookAuthorService' that could not be found.


Action:

Consider defining a bean of type 'com.readingTom.bookServices.BookAuthorService' in your configuration.
 

***************************
APPLICATION FAILED TO START
***************************

Description:

Parameter 0 of constructor in com.readingTom.bookService.controllers.BookAuthorController required a bean of type 'com.readingTom.bookServices.BookAuthorService' that could not be found.


Action:

Consider defining a bean of type 'com.readingTom.bookServices.BookAuthorService' in your configuration.

>16-04-2024 01:47:11 [restartedMain] INFO  c.r.bookService.BookServiceApplication   ::-> Starting BookServiceApplication using Java 17.0.7 with PID 20508 (D:\coding\2024\workspace\springboot\bookexchangerentmicroserviceproject\BookService\target\classes started by pandi in D:\coding\2024\workspace\springboot\bookexchangerentmicroserviceproject\BookService) Starting BookServiceApplication using Java 17.0.7 with PID 20508 (D:\coding\2024\workspace\springboot\bookexchangerentmicroserviceproject\BookService\target\classes started by pandi in D:\coding\2024\workspace\springboot\bookexchangerentmicroserviceproject\BookService)
>16-04-2024 01:47:11 [restartedMain] INFO  c.r.bookService.BookServiceApplication   ::-> The following 1 profile is active: "dev" The following 1 profile is active: "dev"
>16-04-2024 01:47:11 [restartedMain] INFO  o.s.b.d.e.DevToolsPropertyDefaultsPostProcessor ::-> Devtools property defaults active! Set 'spring.devtools.add-properties' to 'false' to disable Devtools property defaults active! Set 'spring.devtools.add-properties' to 'false' to disable
>16-04-2024 01:47:11 [restartedMain] INFO  o.s.b.d.e.DevToolsPropertyDefaultsPostProcessor ::-> For additional web related logging consider setting the 'logging.level.web' property to 'DEBUG' For additional web related logging consider setting the 'logging.level.web' property to 'DEBUG'
>16-04-2024 01:47:12 [restartedMain] INFO  o.s.d.r.c.RepositoryConfigurationDelegate ::-> Bootstrapping Spring Data JPA repositories in DEFAULT mode. Bootstrapping Spring Data JPA repositories in DEFAULT mode.
>16-04-2024 01:47:12 [restartedMain] INFO  o.s.d.r.c.RepositoryConfigurationDelegate ::-> Finished Spring Data repository scanning in 60 ms. Found 4 JPA repository interfaces. Finished Spring Data repository scanning in 60 ms. Found 4 JPA repository interfaces.
>16-04-2024 01:47:13 [restartedMain] INFO  o.s.b.w.embedded.tomcat.TomcatWebServer  ::-> Tomcat initialized with port 8081 (http) Tomcat initialized with port 8081 (http)
>16-04-2024 01:47:13 [restartedMain] INFO  o.apache.catalina.core.StandardService   ::-> Starting service [Tomcat] Starting service [Tomcat]
>16-04-2024 01:47:13 [restartedMain] INFO  org.apache.catalina.core.StandardEngine  ::-> Starting Servlet engine: [Apache Tomcat/10.1.19] Starting Servlet engine: [Apache Tomcat/10.1.19]
>16-04-2024 01:47:13 [restartedMain] INFO  o.a.c.c.C.[.[localhost].[/bookservice]   ::-> Initializing Spring embedded WebApplicationContext Initializing Spring embedded WebApplicationContext
>16-04-2024 01:47:13 [restartedMain] INFO  o.s.b.w.s.c.ServletWebServerApplicationContext ::-> Root WebApplicationContext: initialization completed in 1969 ms Root WebApplicationContext: initialization completed in 1969 ms
>16-04-2024 01:47:13 [restartedMain] INFO  o.hibernate.jpa.internal.util.LogHelper  ::-> HHH000204: Processing PersistenceUnitInfo [name: default] HHH000204: Processing PersistenceUnitInfo [name: default]
>16-04-2024 01:47:13 [restartedMain] INFO  org.hibernate.Version                    ::-> HHH000412: Hibernate ORM core version 6.4.4.Final HHH000412: Hibernate ORM core version 6.4.4.Final
>16-04-2024 01:47:13 [restartedMain] INFO  o.h.c.internal.RegionFactoryInitiator    ::-> HHH000026: Second-level cache disabled HHH000026: Second-level cache disabled
>16-04-2024 01:47:14 [restartedMain] INFO  o.s.o.j.p.SpringPersistenceUnitInfo      ::-> No LoadTimeWeaver setup: ignoring JPA class transformer No LoadTimeWeaver setup: ignoring JPA class transformer
>16-04-2024 01:47:14 [restartedMain] INFO  com.zaxxer.hikari.HikariDataSource       ::-> HikariPool-1 - Starting... HikariPool-1 - Starting...
>16-04-2024 01:47:14 [restartedMain] INFO  com.zaxxer.hikari.pool.HikariPool        ::-> HikariPool-1 - Added connection com.mysql.cj.jdbc.ConnectionImpl@121bff0c HikariPool-1 - Added connection com.mysql.cj.jdbc.ConnectionImpl@121bff0c
>16-04-2024 01:47:14 [restartedMain] INFO  com.zaxxer.hikari.HikariDataSource       ::-> HikariPool-1 - Start completed. HikariPool-1 - Start completed.
>16-04-2024 01:47:15 [restartedMain] INFO  o.h.e.t.j.p.i.JtaPlatformInitiator       ::-> HHH000489: No JTA platform available (set 'hibernate.transaction.jta.platform' to enable JTA platform integration) HHH000489: No JTA platform available (set 'hibernate.transaction.jta.platform' to enable JTA platform integration)
>16-04-2024 01:47:15 [restartedMain] INFO  o.s.o.j.LocalContainerEntityManagerFactoryBean ::-> Initialized JPA EntityManagerFactory for persistence unit 'default' Initialized JPA EntityManagerFactory for persistence unit 'default'
>16-04-2024 01:47:15 [restartedMain] WARN  o.s.b.w.s.c.AnnotationConfigServletWebServerApplicationContext ::-> Exception encountered during context initialization - cancelling refresh attempt: org.springframework.beans.factory.UnsatisfiedDependencyException: Error creating bean with name 'bookAuthorController' defined in file [D:\coding\2024\workspace\springboot\bookexchangerentmicroserviceproject\BookService\target\classes\com\readingTom\bookService\controllers\BookAuthorController.class]: Unsatisfied dependency expressed through constructor parameter 0: No qualifying bean of type 'com.readingTom.bookServices.BookAuthorService' available: expected at least 1 bean which qualifies as autowire candidate. Dependency annotations: {} Exception encountered during context initialization - cancelling refresh attempt: org.springframework.beans.factory.UnsatisfiedDependencyException: Error creating bean with name 'bookAuthorController' defined in file [D:\coding\2024\workspace\springboot\bookexchangerentmicroserviceproject\BookService\target\classes\com\readingTom\bookService\controllers\BookAuthorController.class]: Unsatisfied dependency expressed through constructor parameter 0: No qualifying bean of type 'com.readingTom.bookServices.BookAuthorService' available: expected at least 1 bean which qualifies as autowire candidate. Dependency annotations: {}
>16-04-2024 01:47:15 [restartedMain] INFO  o.s.o.j.LocalContainerEntityManagerFactoryBean ::-> Closing JPA EntityManagerFactory for persistence unit 'default' Closing JPA EntityManagerFactory for persistence unit 'default'
>16-04-2024 01:47:15 [restartedMain] INFO  com.zaxxer.hikari.HikariDataSource       ::-> HikariPool-1 - Shutdown initiated... HikariPool-1 - Shutdown initiated...
>16-04-2024 01:47:15 [restartedMain] INFO  com.zaxxer.hikari.HikariDataSource       ::-> HikariPool-1 - Shutdown completed. HikariPool-1 - Shutdown completed.
>16-04-2024 01:47:15 [restartedMain] INFO  o.apache.catalina.core.StandardService   ::-> Stopping service [Tomcat] Stopping service [Tomcat]
>16-04-2024 01:47:15 [restartedMain] INFO  o.s.b.a.l.ConditionEvaluationReportLogger ::-> 

Error starting ApplicationContext. To display the condition evaluation report re-run your application with 'debug' enabled. 

Error starting ApplicationContext. To display the condition evaluation report re-run your application with 'debug' enabled.
>16-04-2024 01:47:15 [restartedMain] ERROR o.s.b.d.LoggingFailureAnalysisReporter   ::-> 

***************************
APPLICATION FAILED TO START
***************************

Description:

Parameter 0 of constructor in com.readingTom.bookService.controllers.BookAuthorController required a bean of type 'com.readingTom.bookServices.BookAuthorService' that could not be found.


Action:

Consider defining a bean of type 'com.readingTom.bookServices.BookAuthorService' in your configuration.
 

***************************
APPLICATION FAILED TO START
***************************

Description:

Parameter 0 of constructor in com.readingTom.bookService.controllers.BookAuthorController required a bean of type 'com.readingTom.bookServices.BookAuthorService' that could not be found.


Action:

Consider defining a bean of type 'com.readingTom.bookServices.BookAuthorService' in your configuration.

>16-04-2024 01:51:36 [restartedMain] INFO  c.r.bookService.BookServiceApplication   ::-> Starting BookServiceApplication using Java 17.0.7 with PID 23472 (D:\coding\2024\workspace\springboot\bookexchangerentmicroserviceproject\BookService\target\classes started by pandi in D:\coding\2024\workspace\springboot\bookexchangerentmicroserviceproject\BookService) Starting BookServiceApplication using Java 17.0.7 with PID 23472 (D:\coding\2024\workspace\springboot\bookexchangerentmicroserviceproject\BookService\target\classes started by pandi in D:\coding\2024\workspace\springboot\bookexchangerentmicroserviceproject\BookService)
>16-04-2024 01:51:36 [restartedMain] INFO  c.r.bookService.BookServiceApplication   ::-> The following 1 profile is active: "dev" The following 1 profile is active: "dev"
>16-04-2024 01:51:36 [restartedMain] INFO  o.s.b.d.e.DevToolsPropertyDefaultsPostProcessor ::-> Devtools property defaults active! Set 'spring.devtools.add-properties' to 'false' to disable Devtools property defaults active! Set 'spring.devtools.add-properties' to 'false' to disable
>16-04-2024 01:51:36 [restartedMain] INFO  o.s.b.d.e.DevToolsPropertyDefaultsPostProcessor ::-> For additional web related logging consider setting the 'logging.level.web' property to 'DEBUG' For additional web related logging consider setting the 'logging.level.web' property to 'DEBUG'
>16-04-2024 01:51:37 [restartedMain] INFO  o.s.d.r.c.RepositoryConfigurationDelegate ::-> Bootstrapping Spring Data JPA repositories in DEFAULT mode. Bootstrapping Spring Data JPA repositories in DEFAULT mode.
>16-04-2024 01:51:37 [restartedMain] INFO  o.s.d.r.c.RepositoryConfigurationDelegate ::-> Finished Spring Data repository scanning in 51 ms. Found 4 JPA repository interfaces. Finished Spring Data repository scanning in 51 ms. Found 4 JPA repository interfaces.
>16-04-2024 01:51:38 [restartedMain] INFO  o.s.b.w.embedded.tomcat.TomcatWebServer  ::-> Tomcat initialized with port 8081 (http) Tomcat initialized with port 8081 (http)
>16-04-2024 01:51:38 [restartedMain] INFO  o.apache.catalina.core.StandardService   ::-> Starting service [Tomcat] Starting service [Tomcat]
>16-04-2024 01:51:38 [restartedMain] INFO  org.apache.catalina.core.StandardEngine  ::-> Starting Servlet engine: [Apache Tomcat/10.1.19] Starting Servlet engine: [Apache Tomcat/10.1.19]
>16-04-2024 01:51:38 [restartedMain] INFO  o.a.c.c.C.[.[localhost].[/bookservice]   ::-> Initializing Spring embedded WebApplicationContext Initializing Spring embedded WebApplicationContext
>16-04-2024 01:51:38 [restartedMain] INFO  o.s.b.w.s.c.ServletWebServerApplicationContext ::-> Root WebApplicationContext: initialization completed in 1749 ms Root WebApplicationContext: initialization completed in 1749 ms
>16-04-2024 01:51:38 [restartedMain] INFO  o.hibernate.jpa.internal.util.LogHelper  ::-> HHH000204: Processing PersistenceUnitInfo [name: default] HHH000204: Processing PersistenceUnitInfo [name: default]
>16-04-2024 01:51:38 [restartedMain] INFO  org.hibernate.Version                    ::-> HHH000412: Hibernate ORM core version 6.4.4.Final HHH000412: Hibernate ORM core version 6.4.4.Final
>16-04-2024 01:51:38 [restartedMain] INFO  o.h.c.internal.RegionFactoryInitiator    ::-> HHH000026: Second-level cache disabled HHH000026: Second-level cache disabled
>16-04-2024 01:51:39 [restartedMain] INFO  o.s.o.j.p.SpringPersistenceUnitInfo      ::-> No LoadTimeWeaver setup: ignoring JPA class transformer No LoadTimeWeaver setup: ignoring JPA class transformer
>16-04-2024 01:51:39 [restartedMain] INFO  com.zaxxer.hikari.HikariDataSource       ::-> HikariPool-1 - Starting... HikariPool-1 - Starting...
>16-04-2024 01:51:39 [restartedMain] INFO  com.zaxxer.hikari.pool.HikariPool        ::-> HikariPool-1 - Added connection com.mysql.cj.jdbc.ConnectionImpl@27ce1270 HikariPool-1 - Added connection com.mysql.cj.jdbc.ConnectionImpl@27ce1270
>16-04-2024 01:51:39 [restartedMain] INFO  com.zaxxer.hikari.HikariDataSource       ::-> HikariPool-1 - Start completed. HikariPool-1 - Start completed.
>16-04-2024 01:51:40 [restartedMain] INFO  o.h.e.t.j.p.i.JtaPlatformInitiator       ::-> HHH000489: No JTA platform available (set 'hibernate.transaction.jta.platform' to enable JTA platform integration) HHH000489: No JTA platform available (set 'hibernate.transaction.jta.platform' to enable JTA platform integration)
>16-04-2024 01:51:40 [restartedMain] INFO  o.s.o.j.LocalContainerEntityManagerFactoryBean ::-> Initialized JPA EntityManagerFactory for persistence unit 'default' Initialized JPA EntityManagerFactory for persistence unit 'default'
>16-04-2024 01:51:40 [restartedMain] WARN  o.s.b.w.s.c.AnnotationConfigServletWebServerApplicationContext ::-> Exception encountered during context initialization - cancelling refresh attempt: org.springframework.beans.factory.UnsatisfiedDependencyException: Error creating bean with name 'bookAuthorController' defined in file [D:\coding\2024\workspace\springboot\bookexchangerentmicroserviceproject\BookService\target\classes\com\readingTom\bookService\controllers\BookAuthorController.class]: Unsatisfied dependency expressed through constructor parameter 0: No qualifying bean of type 'com.readingTom.bookServices.BookAuthorService' available: expected at least 1 bean which qualifies as autowire candidate. Dependency annotations: {} Exception encountered during context initialization - cancelling refresh attempt: org.springframework.beans.factory.UnsatisfiedDependencyException: Error creating bean with name 'bookAuthorController' defined in file [D:\coding\2024\workspace\springboot\bookexchangerentmicroserviceproject\BookService\target\classes\com\readingTom\bookService\controllers\BookAuthorController.class]: Unsatisfied dependency expressed through constructor parameter 0: No qualifying bean of type 'com.readingTom.bookServices.BookAuthorService' available: expected at least 1 bean which qualifies as autowire candidate. Dependency annotations: {}
>16-04-2024 01:51:40 [restartedMain] INFO  o.s.o.j.LocalContainerEntityManagerFactoryBean ::-> Closing JPA EntityManagerFactory for persistence unit 'default' Closing JPA EntityManagerFactory for persistence unit 'default'
>16-04-2024 01:51:40 [restartedMain] INFO  com.zaxxer.hikari.HikariDataSource       ::-> HikariPool-1 - Shutdown initiated... HikariPool-1 - Shutdown initiated...
>16-04-2024 01:51:40 [restartedMain] INFO  com.zaxxer.hikari.HikariDataSource       ::-> HikariPool-1 - Shutdown completed. HikariPool-1 - Shutdown completed.
>16-04-2024 01:51:40 [restartedMain] INFO  o.apache.catalina.core.StandardService   ::-> Stopping service [Tomcat] Stopping service [Tomcat]
>16-04-2024 01:51:40 [restartedMain] INFO  o.s.b.a.l.ConditionEvaluationReportLogger ::-> 

Error starting ApplicationContext. To display the condition evaluation report re-run your application with 'debug' enabled. 

Error starting ApplicationContext. To display the condition evaluation report re-run your application with 'debug' enabled.
>16-04-2024 01:51:40 [restartedMain] ERROR o.s.b.d.LoggingFailureAnalysisReporter   ::-> 

***************************
APPLICATION FAILED TO START
***************************

Description:

Parameter 0 of constructor in com.readingTom.bookService.controllers.BookAuthorController required a bean of type 'com.readingTom.bookServices.BookAuthorService' that could not be found.


Action:

Consider defining a bean of type 'com.readingTom.bookServices.BookAuthorService' in your configuration.
 

***************************
APPLICATION FAILED TO START
***************************

Description:

Parameter 0 of constructor in com.readingTom.bookService.controllers.BookAuthorController required a bean of type 'com.readingTom.bookServices.BookAuthorService' that could not be found.


Action:

Consider defining a bean of type 'com.readingTom.bookServices.BookAuthorService' in your configuration.

>16-04-2024 01:57:27 [restartedMain] INFO  c.r.bookService.BookServiceApplication   ::-> Starting BookServiceApplication using Java 17.0.7 with PID 17240 (D:\coding\2024\workspace\springboot\bookexchangerentmicroserviceproject\BookService\target\classes started by pandi in D:\coding\2024\workspace\springboot\bookexchangerentmicroserviceproject\BookService) Starting BookServiceApplication using Java 17.0.7 with PID 17240 (D:\coding\2024\workspace\springboot\bookexchangerentmicroserviceproject\BookService\target\classes started by pandi in D:\coding\2024\workspace\springboot\bookexchangerentmicroserviceproject\BookService)
>16-04-2024 01:57:27 [restartedMain] INFO  c.r.bookService.BookServiceApplication   ::-> The following 1 profile is active: "dev" The following 1 profile is active: "dev"
>16-04-2024 01:57:27 [restartedMain] INFO  o.s.b.d.e.DevToolsPropertyDefaultsPostProcessor ::-> Devtools property defaults active! Set 'spring.devtools.add-properties' to 'false' to disable Devtools property defaults active! Set 'spring.devtools.add-properties' to 'false' to disable
>16-04-2024 01:57:27 [restartedMain] INFO  o.s.b.d.e.DevToolsPropertyDefaultsPostProcessor ::-> For additional web related logging consider setting the 'logging.level.web' property to 'DEBUG' For additional web related logging consider setting the 'logging.level.web' property to 'DEBUG'
>16-04-2024 01:57:28 [restartedMain] INFO  o.s.d.r.c.RepositoryConfigurationDelegate ::-> Bootstrapping Spring Data JPA repositories in DEFAULT mode. Bootstrapping Spring Data JPA repositories in DEFAULT mode.
>16-04-2024 01:57:28 [restartedMain] INFO  o.s.d.r.c.RepositoryConfigurationDelegate ::-> Finished Spring Data repository scanning in 59 ms. Found 4 JPA repository interfaces. Finished Spring Data repository scanning in 59 ms. Found 4 JPA repository interfaces.
>16-04-2024 01:57:29 [restartedMain] INFO  o.s.b.w.embedded.tomcat.TomcatWebServer  ::-> Tomcat initialized with port 8081 (http) Tomcat initialized with port 8081 (http)
>16-04-2024 01:57:29 [restartedMain] INFO  o.apache.catalina.core.StandardService   ::-> Starting service [Tomcat] Starting service [Tomcat]
>16-04-2024 01:57:29 [restartedMain] INFO  org.apache.catalina.core.StandardEngine  ::-> Starting Servlet engine: [Apache Tomcat/10.1.19] Starting Servlet engine: [Apache Tomcat/10.1.19]
>16-04-2024 01:57:29 [restartedMain] INFO  o.a.c.c.C.[.[localhost].[/bookservice]   ::-> Initializing Spring embedded WebApplicationContext Initializing Spring embedded WebApplicationContext
>16-04-2024 01:57:29 [restartedMain] INFO  o.s.b.w.s.c.ServletWebServerApplicationContext ::-> Root WebApplicationContext: initialization completed in 1763 ms Root WebApplicationContext: initialization completed in 1763 ms
>16-04-2024 01:57:29 [restartedMain] INFO  o.hibernate.jpa.internal.util.LogHelper  ::-> HHH000204: Processing PersistenceUnitInfo [name: default] HHH000204: Processing PersistenceUnitInfo [name: default]
>16-04-2024 01:57:29 [restartedMain] INFO  org.hibernate.Version                    ::-> HHH000412: Hibernate ORM core version 6.4.4.Final HHH000412: Hibernate ORM core version 6.4.4.Final
>16-04-2024 01:57:29 [restartedMain] INFO  o.h.c.internal.RegionFactoryInitiator    ::-> HHH000026: Second-level cache disabled HHH000026: Second-level cache disabled
>16-04-2024 01:57:29 [restartedMain] INFO  o.s.o.j.p.SpringPersistenceUnitInfo      ::-> No LoadTimeWeaver setup: ignoring JPA class transformer No LoadTimeWeaver setup: ignoring JPA class transformer
>16-04-2024 01:57:29 [restartedMain] INFO  com.zaxxer.hikari.HikariDataSource       ::-> HikariPool-1 - Starting... HikariPool-1 - Starting...
>16-04-2024 01:57:30 [restartedMain] INFO  com.zaxxer.hikari.pool.HikariPool        ::-> HikariPool-1 - Added connection com.mysql.cj.jdbc.ConnectionImpl@7a72a792 HikariPool-1 - Added connection com.mysql.cj.jdbc.ConnectionImpl@7a72a792
>16-04-2024 01:57:30 [restartedMain] INFO  com.zaxxer.hikari.HikariDataSource       ::-> HikariPool-1 - Start completed. HikariPool-1 - Start completed.
>16-04-2024 01:57:31 [restartedMain] INFO  o.h.e.t.j.p.i.JtaPlatformInitiator       ::-> HHH000489: No JTA platform available (set 'hibernate.transaction.jta.platform' to enable JTA platform integration) HHH000489: No JTA platform available (set 'hibernate.transaction.jta.platform' to enable JTA platform integration)
>16-04-2024 01:57:31 [restartedMain] INFO  o.s.o.j.LocalContainerEntityManagerFactoryBean ::-> Initialized JPA EntityManagerFactory for persistence unit 'default' Initialized JPA EntityManagerFactory for persistence unit 'default'
>16-04-2024 01:57:31 [restartedMain] WARN  o.s.b.w.s.c.AnnotationConfigServletWebServerApplicationContext ::-> Exception encountered during context initialization - cancelling refresh attempt: org.springframework.beans.factory.UnsatisfiedDependencyException: Error creating bean with name 'bookAuthorController' defined in file [D:\coding\2024\workspace\springboot\bookexchangerentmicroserviceproject\BookService\target\classes\com\readingTom\bookService\controllers\BookAuthorController.class]: Unsatisfied dependency expressed through constructor parameter 0: No qualifying bean of type 'com.readingTom.bookService.services.BookAuthorService' available: expected at least 1 bean which qualifies as autowire candidate. Dependency annotations: {} Exception encountered during context initialization - cancelling refresh attempt: org.springframework.beans.factory.UnsatisfiedDependencyException: Error creating bean with name 'bookAuthorController' defined in file [D:\coding\2024\workspace\springboot\bookexchangerentmicroserviceproject\BookService\target\classes\com\readingTom\bookService\controllers\BookAuthorController.class]: Unsatisfied dependency expressed through constructor parameter 0: No qualifying bean of type 'com.readingTom.bookService.services.BookAuthorService' available: expected at least 1 bean which qualifies as autowire candidate. Dependency annotations: {}
>16-04-2024 01:57:31 [restartedMain] INFO  o.s.o.j.LocalContainerEntityManagerFactoryBean ::-> Closing JPA EntityManagerFactory for persistence unit 'default' Closing JPA EntityManagerFactory for persistence unit 'default'
>16-04-2024 01:57:31 [restartedMain] INFO  com.zaxxer.hikari.HikariDataSource       ::-> HikariPool-1 - Shutdown initiated... HikariPool-1 - Shutdown initiated...
>16-04-2024 01:57:31 [restartedMain] INFO  com.zaxxer.hikari.HikariDataSource       ::-> HikariPool-1 - Shutdown completed. HikariPool-1 - Shutdown completed.
>16-04-2024 01:57:31 [restartedMain] INFO  o.apache.catalina.core.StandardService   ::-> Stopping service [Tomcat] Stopping service [Tomcat]
>16-04-2024 01:57:31 [restartedMain] INFO  o.s.b.a.l.ConditionEvaluationReportLogger ::-> 

Error starting ApplicationContext. To display the condition evaluation report re-run your application with 'debug' enabled. 

Error starting ApplicationContext. To display the condition evaluation report re-run your application with 'debug' enabled.
>16-04-2024 01:57:31 [restartedMain] ERROR o.s.b.d.LoggingFailureAnalysisReporter   ::-> 

***************************
APPLICATION FAILED TO START
***************************

Description:

Parameter 0 of constructor in com.readingTom.bookService.controllers.BookAuthorController required a bean of type 'com.readingTom.bookService.services.BookAuthorService' that could not be found.


Action:

Consider defining a bean of type 'com.readingTom.bookService.services.BookAuthorService' in your configuration.
 

***************************
APPLICATION FAILED TO START
***************************

Description:

Parameter 0 of constructor in com.readingTom.bookService.controllers.BookAuthorController required a bean of type 'com.readingTom.bookService.services.BookAuthorService' that could not be found.


Action:

Consider defining a bean of type 'com.readingTom.bookService.services.BookAuthorService' in your configuration.

>16-04-2024 01:59:35 [restartedMain] INFO  c.r.bookService.BookServiceApplication   ::-> Starting BookServiceApplication using Java 17.0.7 with PID 18692 (D:\coding\2024\workspace\springboot\bookexchangerentmicroserviceproject\BookService\target\classes started by pandi in D:\coding\2024\workspace\springboot\bookexchangerentmicroserviceproject\BookService) Starting BookServiceApplication using Java 17.0.7 with PID 18692 (D:\coding\2024\workspace\springboot\bookexchangerentmicroserviceproject\BookService\target\classes started by pandi in D:\coding\2024\workspace\springboot\bookexchangerentmicroserviceproject\BookService)
>16-04-2024 01:59:35 [restartedMain] INFO  c.r.bookService.BookServiceApplication   ::-> The following 1 profile is active: "dev" The following 1 profile is active: "dev"
>16-04-2024 01:59:35 [restartedMain] INFO  o.s.b.d.e.DevToolsPropertyDefaultsPostProcessor ::-> Devtools property defaults active! Set 'spring.devtools.add-properties' to 'false' to disable Devtools property defaults active! Set 'spring.devtools.add-properties' to 'false' to disable
>16-04-2024 01:59:35 [restartedMain] INFO  o.s.b.d.e.DevToolsPropertyDefaultsPostProcessor ::-> For additional web related logging consider setting the 'logging.level.web' property to 'DEBUG' For additional web related logging consider setting the 'logging.level.web' property to 'DEBUG'
>16-04-2024 01:59:35 [restartedMain] INFO  o.s.d.r.c.RepositoryConfigurationDelegate ::-> Bootstrapping Spring Data JPA repositories in DEFAULT mode. Bootstrapping Spring Data JPA repositories in DEFAULT mode.
>16-04-2024 01:59:36 [restartedMain] INFO  o.s.d.r.c.RepositoryConfigurationDelegate ::-> Finished Spring Data repository scanning in 54 ms. Found 4 JPA repository interfaces. Finished Spring Data repository scanning in 54 ms. Found 4 JPA repository interfaces.
>16-04-2024 01:59:36 [restartedMain] INFO  o.s.b.w.embedded.tomcat.TomcatWebServer  ::-> Tomcat initialized with port 8081 (http) Tomcat initialized with port 8081 (http)
>16-04-2024 01:59:36 [restartedMain] INFO  o.apache.catalina.core.StandardService   ::-> Starting service [Tomcat] Starting service [Tomcat]
>16-04-2024 01:59:36 [restartedMain] INFO  org.apache.catalina.core.StandardEngine  ::-> Starting Servlet engine: [Apache Tomcat/10.1.19] Starting Servlet engine: [Apache Tomcat/10.1.19]
>16-04-2024 01:59:36 [restartedMain] INFO  o.a.c.c.C.[.[localhost].[/bookservice]   ::-> Initializing Spring embedded WebApplicationContext Initializing Spring embedded WebApplicationContext
>16-04-2024 01:59:36 [restartedMain] INFO  o.s.b.w.s.c.ServletWebServerApplicationContext ::-> Root WebApplicationContext: initialization completed in 1682 ms Root WebApplicationContext: initialization completed in 1682 ms
>16-04-2024 01:59:37 [restartedMain] INFO  o.hibernate.jpa.internal.util.LogHelper  ::-> HHH000204: Processing PersistenceUnitInfo [name: default] HHH000204: Processing PersistenceUnitInfo [name: default]
>16-04-2024 01:59:37 [restartedMain] INFO  org.hibernate.Version                    ::-> HHH000412: Hibernate ORM core version 6.4.4.Final HHH000412: Hibernate ORM core version 6.4.4.Final
>16-04-2024 01:59:37 [restartedMain] INFO  o.h.c.internal.RegionFactoryInitiator    ::-> HHH000026: Second-level cache disabled HHH000026: Second-level cache disabled
>16-04-2024 01:59:37 [restartedMain] INFO  o.s.o.j.p.SpringPersistenceUnitInfo      ::-> No LoadTimeWeaver setup: ignoring JPA class transformer No LoadTimeWeaver setup: ignoring JPA class transformer
>16-04-2024 01:59:37 [restartedMain] INFO  com.zaxxer.hikari.HikariDataSource       ::-> HikariPool-1 - Starting... HikariPool-1 - Starting...
>16-04-2024 01:59:37 [restartedMain] INFO  com.zaxxer.hikari.pool.HikariPool        ::-> HikariPool-1 - Added connection com.mysql.cj.jdbc.ConnectionImpl@3f075442 HikariPool-1 - Added connection com.mysql.cj.jdbc.ConnectionImpl@3f075442
>16-04-2024 01:59:37 [restartedMain] INFO  com.zaxxer.hikari.HikariDataSource       ::-> HikariPool-1 - Start completed. HikariPool-1 - Start completed.
>16-04-2024 01:59:38 [restartedMain] INFO  o.h.e.t.j.p.i.JtaPlatformInitiator       ::-> HHH000489: No JTA platform available (set 'hibernate.transaction.jta.platform' to enable JTA platform integration) HHH000489: No JTA platform available (set 'hibernate.transaction.jta.platform' to enable JTA platform integration)
>16-04-2024 01:59:38 [restartedMain] INFO  o.s.o.j.LocalContainerEntityManagerFactoryBean ::-> Initialized JPA EntityManagerFactory for persistence unit 'default' Initialized JPA EntityManagerFactory for persistence unit 'default'
>16-04-2024 01:59:38 [restartedMain] INFO  c.r.b.s.impl.BookAuthorServiceImpl       ::-> inside BookAuthorServiceImpl... inside BookAuthorServiceImpl...
>16-04-2024 01:59:38 [restartedMain] INFO  c.r.b.controllers.BookAuthorController   ::-> inside BookAuthorController... inside BookAuthorController...
>16-04-2024 01:59:38 [restartedMain] WARN  o.s.b.w.s.c.AnnotationConfigServletWebServerApplicationContext ::-> Exception encountered during context initialization - cancelling refresh attempt: org.springframework.beans.factory.UnsatisfiedDependencyException: Error creating bean with name 'bookCategoryController' defined in file [D:\coding\2024\workspace\springboot\bookexchangerentmicroserviceproject\BookService\target\classes\com\readingTom\bookService\controllers\BookCategoryController.class]: Unsatisfied dependency expressed through constructor parameter 0: No qualifying bean of type 'com.readingTom.bookService.services.BookCategoryService' available: expected at least 1 bean which qualifies as autowire candidate. Dependency annotations: {} Exception encountered during context initialization - cancelling refresh attempt: org.springframework.beans.factory.UnsatisfiedDependencyException: Error creating bean with name 'bookCategoryController' defined in file [D:\coding\2024\workspace\springboot\bookexchangerentmicroserviceproject\BookService\target\classes\com\readingTom\bookService\controllers\BookCategoryController.class]: Unsatisfied dependency expressed through constructor parameter 0: No qualifying bean of type 'com.readingTom.bookService.services.BookCategoryService' available: expected at least 1 bean which qualifies as autowire candidate. Dependency annotations: {}
>16-04-2024 01:59:38 [restartedMain] INFO  o.s.o.j.LocalContainerEntityManagerFactoryBean ::-> Closing JPA EntityManagerFactory for persistence unit 'default' Closing JPA EntityManagerFactory for persistence unit 'default'
>16-04-2024 01:59:38 [restartedMain] INFO  com.zaxxer.hikari.HikariDataSource       ::-> HikariPool-1 - Shutdown initiated... HikariPool-1 - Shutdown initiated...
>16-04-2024 01:59:38 [restartedMain] INFO  com.zaxxer.hikari.HikariDataSource       ::-> HikariPool-1 - Shutdown completed. HikariPool-1 - Shutdown completed.
>16-04-2024 01:59:38 [restartedMain] INFO  o.apache.catalina.core.StandardService   ::-> Stopping service [Tomcat] Stopping service [Tomcat]
>16-04-2024 01:59:38 [restartedMain] INFO  o.s.b.a.l.ConditionEvaluationReportLogger ::-> 

Error starting ApplicationContext. To display the condition evaluation report re-run your application with 'debug' enabled. 

Error starting ApplicationContext. To display the condition evaluation report re-run your application with 'debug' enabled.
>16-04-2024 01:59:39 [restartedMain] ERROR o.s.b.d.LoggingFailureAnalysisReporter   ::-> 

***************************
APPLICATION FAILED TO START
***************************

Description:

Parameter 0 of constructor in com.readingTom.bookService.controllers.BookCategoryController required a bean of type 'com.readingTom.bookService.services.BookCategoryService' that could not be found.


Action:

Consider defining a bean of type 'com.readingTom.bookService.services.BookCategoryService' in your configuration.
 

***************************
APPLICATION FAILED TO START
***************************

Description:

Parameter 0 of constructor in com.readingTom.bookService.controllers.BookCategoryController required a bean of type 'com.readingTom.bookService.services.BookCategoryService' that could not be found.


Action:

Consider defining a bean of type 'com.readingTom.bookService.services.BookCategoryService' in your configuration.

>16-04-2024 02:00:18 [restartedMain] INFO  c.r.bookService.BookServiceApplication   ::-> Starting BookServiceApplication using Java 17.0.7 with PID 22552 (D:\coding\2024\workspace\springboot\bookexchangerentmicroserviceproject\BookService\target\classes started by pandi in D:\coding\2024\workspace\springboot\bookexchangerentmicroserviceproject\BookService) Starting BookServiceApplication using Java 17.0.7 with PID 22552 (D:\coding\2024\workspace\springboot\bookexchangerentmicroserviceproject\BookService\target\classes started by pandi in D:\coding\2024\workspace\springboot\bookexchangerentmicroserviceproject\BookService)
>16-04-2024 02:00:18 [restartedMain] INFO  c.r.bookService.BookServiceApplication   ::-> The following 1 profile is active: "dev" The following 1 profile is active: "dev"
>16-04-2024 02:00:18 [restartedMain] INFO  o.s.b.d.e.DevToolsPropertyDefaultsPostProcessor ::-> Devtools property defaults active! Set 'spring.devtools.add-properties' to 'false' to disable Devtools property defaults active! Set 'spring.devtools.add-properties' to 'false' to disable
>16-04-2024 02:00:18 [restartedMain] INFO  o.s.b.d.e.DevToolsPropertyDefaultsPostProcessor ::-> For additional web related logging consider setting the 'logging.level.web' property to 'DEBUG' For additional web related logging consider setting the 'logging.level.web' property to 'DEBUG'
>16-04-2024 02:00:19 [restartedMain] INFO  o.s.d.r.c.RepositoryConfigurationDelegate ::-> Bootstrapping Spring Data JPA repositories in DEFAULT mode. Bootstrapping Spring Data JPA repositories in DEFAULT mode.
>16-04-2024 02:00:19 [restartedMain] INFO  o.s.d.r.c.RepositoryConfigurationDelegate ::-> Finished Spring Data repository scanning in 57 ms. Found 4 JPA repository interfaces. Finished Spring Data repository scanning in 57 ms. Found 4 JPA repository interfaces.
>16-04-2024 02:00:20 [restartedMain] INFO  o.s.b.w.embedded.tomcat.TomcatWebServer  ::-> Tomcat initialized with port 8081 (http) Tomcat initialized with port 8081 (http)
>16-04-2024 02:00:20 [restartedMain] INFO  o.apache.catalina.core.StandardService   ::-> Starting service [Tomcat] Starting service [Tomcat]
>16-04-2024 02:00:20 [restartedMain] INFO  org.apache.catalina.core.StandardEngine  ::-> Starting Servlet engine: [Apache Tomcat/10.1.19] Starting Servlet engine: [Apache Tomcat/10.1.19]
>16-04-2024 02:00:20 [restartedMain] INFO  o.a.c.c.C.[.[localhost].[/bookservice]   ::-> Initializing Spring embedded WebApplicationContext Initializing Spring embedded WebApplicationContext
>16-04-2024 02:00:20 [restartedMain] INFO  o.s.b.w.s.c.ServletWebServerApplicationContext ::-> Root WebApplicationContext: initialization completed in 1736 ms Root WebApplicationContext: initialization completed in 1736 ms
>16-04-2024 02:00:20 [restartedMain] INFO  o.hibernate.jpa.internal.util.LogHelper  ::-> HHH000204: Processing PersistenceUnitInfo [name: default] HHH000204: Processing PersistenceUnitInfo [name: default]
>16-04-2024 02:00:21 [restartedMain] INFO  org.hibernate.Version                    ::-> HHH000412: Hibernate ORM core version 6.4.4.Final HHH000412: Hibernate ORM core version 6.4.4.Final
>16-04-2024 02:00:21 [restartedMain] INFO  o.h.c.internal.RegionFactoryInitiator    ::-> HHH000026: Second-level cache disabled HHH000026: Second-level cache disabled
>16-04-2024 02:00:21 [restartedMain] INFO  o.s.o.j.p.SpringPersistenceUnitInfo      ::-> No LoadTimeWeaver setup: ignoring JPA class transformer No LoadTimeWeaver setup: ignoring JPA class transformer
>16-04-2024 02:00:21 [restartedMain] INFO  com.zaxxer.hikari.HikariDataSource       ::-> HikariPool-1 - Starting... HikariPool-1 - Starting...
>16-04-2024 02:00:21 [restartedMain] INFO  com.zaxxer.hikari.pool.HikariPool        ::-> HikariPool-1 - Added connection com.mysql.cj.jdbc.ConnectionImpl@4804294a HikariPool-1 - Added connection com.mysql.cj.jdbc.ConnectionImpl@4804294a
>16-04-2024 02:00:21 [restartedMain] INFO  com.zaxxer.hikari.HikariDataSource       ::-> HikariPool-1 - Start completed. HikariPool-1 - Start completed.
>16-04-2024 02:00:22 [restartedMain] INFO  o.h.e.t.j.p.i.JtaPlatformInitiator       ::-> HHH000489: No JTA platform available (set 'hibernate.transaction.jta.platform' to enable JTA platform integration) HHH000489: No JTA platform available (set 'hibernate.transaction.jta.platform' to enable JTA platform integration)
>16-04-2024 02:00:22 [restartedMain] INFO  o.s.o.j.LocalContainerEntityManagerFactoryBean ::-> Initialized JPA EntityManagerFactory for persistence unit 'default' Initialized JPA EntityManagerFactory for persistence unit 'default'
>16-04-2024 02:00:22 [restartedMain] INFO  c.r.b.s.impl.BookAuthorServiceImpl       ::-> inside BookAuthorServiceImpl... inside BookAuthorServiceImpl...
>16-04-2024 02:00:22 [restartedMain] INFO  c.r.b.controllers.BookAuthorController   ::-> inside BookAuthorController... inside BookAuthorController...
>16-04-2024 02:00:22 [restartedMain] INFO  c.r.b.s.impl.BookCategoryServiceImpl     ::-> entering bookCategoryService... entering bookCategoryService...
>16-04-2024 02:00:22 [restartedMain] INFO  c.r.b.controllers.BookCategoryController ::-> inside BookCategoryController... inside BookCategoryController...
>16-04-2024 02:00:22 [restartedMain] INFO  c.r.b.services.impl.BookServiceImpl      ::-> inside BookServiceImpl... inside BookServiceImpl...
>16-04-2024 02:00:22 [restartedMain] INFO  c.r.b.controllers.BookController         ::-> inside book controller... inside book controller...
>16-04-2024 02:00:22 [restartedMain] INFO  c.r.b.s.impl.GoogleApiBookServiceImpl    ::-> entering googleApiBookService... entering googleApiBookService...
>16-04-2024 02:00:22 [restartedMain] INFO  c.r.b.c.GoogleApiBookController          ::-> inside GoogleApiBookCOntroller... inside GoogleApiBookCOntroller...
>16-04-2024 02:00:23 [restartedMain] WARN  o.s.b.a.o.j.JpaBaseConfiguration$JpaWebConfiguration ::-> spring.jpa.open-in-view is enabled by default. Therefore, database queries may be performed during view rendering. Explicitly configure spring.jpa.open-in-view to disable this warning spring.jpa.open-in-view is enabled by default. Therefore, database queries may be performed during view rendering. Explicitly configure spring.jpa.open-in-view to disable this warning
>16-04-2024 02:00:23 [restartedMain] INFO  o.s.b.d.a.OptionalLiveReloadServer       ::-> LiveReload server is running on port 35729 LiveReload server is running on port 35729
>16-04-2024 02:00:23 [restartedMain] INFO  o.s.b.a.e.web.EndpointLinksResolver      ::-> Exposing 3 endpoint(s) beneath base path '/actuator' Exposing 3 endpoint(s) beneath base path '/actuator'
>16-04-2024 02:00:23 [restartedMain] INFO  o.s.b.w.embedded.tomcat.TomcatWebServer  ::-> Tomcat started on port 8081 (http) with context path '/bookservice' Tomcat started on port 8081 (http) with context path '/bookservice'
>16-04-2024 02:00:23 [restartedMain] INFO  c.r.bookService.BookServiceApplication   ::-> Started BookServiceApplication in 5.379 seconds (process running for 6.13) Started BookServiceApplication in 5.379 seconds (process running for 6.13)
>16-04-2024 02:00:23 [restartedMain] INFO  c.r.bookService.BookServiceApplication   ::-> ************************ ************************
>16-04-2024 02:00:23 [restartedMain] INFO  c.r.bookService.BookServiceApplication   ::-> STARTED BOOK SERVICE... STARTED BOOK SERVICE...
>16-04-2024 02:00:23 [restartedMain] INFO  c.r.bookService.BookServiceApplication   ::-> ************************ ************************
>16-04-2024 02:00:24 [RMI TCP Connection(9)-127.0.0.1] INFO  o.a.c.c.C.[.[localhost].[/bookservice]   ::-> Initializing Spring DispatcherServlet 'dispatcherServlet' Initializing Spring DispatcherServlet 'dispatcherServlet'
>16-04-2024 02:00:24 [RMI TCP Connection(9)-127.0.0.1] INFO  o.s.web.servlet.DispatcherServlet        ::-> Initializing Servlet 'dispatcherServlet' Initializing Servlet 'dispatcherServlet'
>16-04-2024 02:00:24 [RMI TCP Connection(9)-127.0.0.1] INFO  o.s.web.servlet.DispatcherServlet        ::-> Completed initialization in 1 ms Completed initialization in 1 ms
>16-04-2024 02:00:47 [http-nio-8081-exec-2] INFO  c.r.b.filters.IncomingRequestFilter      ::-> Inside the main filter : IncomingRequestFilter :: checking the incoming request... Inside the main filter : IncomingRequestFilter :: checking the incoming request...
>16-04-2024 02:00:47 [http-nio-8081-exec-2] ERROR c.r.b.filters.IncomingRequestFilter      ::-> FILTER ERROR ::: OH HO! incoming request is different one! FILTER ERROR ::: OH HO! incoming request is different one!
>16-04-2024 02:01:23 [File Watcher] INFO  o.s.b.d.a.LocalDevToolsAutoConfiguration$RestartingClassPathChangeChangedEventListener ::-> Restarting due to 1 class path change (0 additions, 0 deletions, 1 modification) Restarting due to 1 class path change (0 additions, 0 deletions, 1 modification)
>16-04-2024 02:01:23 [Thread-5] INFO  o.s.o.j.LocalContainerEntityManagerFactoryBean ::-> Closing JPA EntityManagerFactory for persistence unit 'default' Closing JPA EntityManagerFactory for persistence unit 'default'
>16-04-2024 02:01:23 [Thread-5] INFO  com.zaxxer.hikari.HikariDataSource       ::-> HikariPool-1 - Shutdown initiated... HikariPool-1 - Shutdown initiated...
>16-04-2024 02:01:23 [Thread-5] INFO  com.zaxxer.hikari.HikariDataSource       ::-> HikariPool-1 - Shutdown completed. HikariPool-1 - Shutdown completed.
>16-04-2024 02:01:23 [restartedMain] INFO  c.r.bookService.BookServiceApplication   ::-> Starting BookServiceApplication using Java 17.0.7 with PID 22552 (D:\coding\2024\workspace\springboot\bookexchangerentmicroserviceproject\BookService\target\classes started by pandi in D:\coding\2024\workspace\springboot\bookexchangerentmicroserviceproject\BookService) Starting BookServiceApplication using Java 17.0.7 with PID 22552 (D:\coding\2024\workspace\springboot\bookexchangerentmicroserviceproject\BookService\target\classes started by pandi in D:\coding\2024\workspace\springboot\bookexchangerentmicroserviceproject\BookService)
>16-04-2024 02:01:23 [restartedMain] INFO  c.r.bookService.BookServiceApplication   ::-> The following 1 profile is active: "dev" The following 1 profile is active: "dev"
>16-04-2024 02:01:23 [restartedMain] INFO  o.s.d.r.c.RepositoryConfigurationDelegate ::-> Bootstrapping Spring Data JPA repositories in DEFAULT mode. Bootstrapping Spring Data JPA repositories in DEFAULT mode.
>16-04-2024 02:01:23 [restartedMain] INFO  o.s.d.r.c.RepositoryConfigurationDelegate ::-> Finished Spring Data repository scanning in 16 ms. Found 4 JPA repository interfaces. Finished Spring Data repository scanning in 16 ms. Found 4 JPA repository interfaces.
>16-04-2024 02:01:23 [restartedMain] INFO  o.s.b.w.embedded.tomcat.TomcatWebServer  ::-> Tomcat initialized with port 8081 (http) Tomcat initialized with port 8081 (http)
>16-04-2024 02:01:23 [restartedMain] INFO  o.apache.catalina.core.StandardService   ::-> Starting service [Tomcat] Starting service [Tomcat]
>16-04-2024 02:01:23 [restartedMain] INFO  org.apache.catalina.core.StandardEngine  ::-> Starting Servlet engine: [Apache Tomcat/10.1.19] Starting Servlet engine: [Apache Tomcat/10.1.19]
>16-04-2024 02:01:23 [restartedMain] INFO  o.a.c.c.C.[.[localhost].[/bookservice]   ::-> Initializing Spring embedded WebApplicationContext Initializing Spring embedded WebApplicationContext
>16-04-2024 02:01:23 [restartedMain] INFO  o.s.b.w.s.c.ServletWebServerApplicationContext ::-> Root WebApplicationContext: initialization completed in 455 ms Root WebApplicationContext: initialization completed in 455 ms
>16-04-2024 02:01:23 [restartedMain] INFO  o.hibernate.jpa.internal.util.LogHelper  ::-> HHH000204: Processing PersistenceUnitInfo [name: default] HHH000204: Processing PersistenceUnitInfo [name: default]
>16-04-2024 02:01:23 [restartedMain] INFO  o.h.c.internal.RegionFactoryInitiator    ::-> HHH000026: Second-level cache disabled HHH000026: Second-level cache disabled
>16-04-2024 02:01:23 [restartedMain] INFO  o.s.o.j.p.SpringPersistenceUnitInfo      ::-> No LoadTimeWeaver setup: ignoring JPA class transformer No LoadTimeWeaver setup: ignoring JPA class transformer
>16-04-2024 02:01:23 [restartedMain] INFO  com.zaxxer.hikari.HikariDataSource       ::-> HikariPool-2 - Starting... HikariPool-2 - Starting...
>16-04-2024 02:01:23 [restartedMain] INFO  com.zaxxer.hikari.pool.HikariPool        ::-> HikariPool-2 - Added connection com.mysql.cj.jdbc.ConnectionImpl@41641938 HikariPool-2 - Added connection com.mysql.cj.jdbc.ConnectionImpl@41641938
>16-04-2024 02:01:23 [restartedMain] INFO  com.zaxxer.hikari.HikariDataSource       ::-> HikariPool-2 - Start completed. HikariPool-2 - Start completed.
>16-04-2024 02:01:23 [restartedMain] INFO  o.h.e.t.j.p.i.JtaPlatformInitiator       ::-> HHH000489: No JTA platform available (set 'hibernate.transaction.jta.platform' to enable JTA platform integration) HHH000489: No JTA platform available (set 'hibernate.transaction.jta.platform' to enable JTA platform integration)
>16-04-2024 02:01:23 [restartedMain] INFO  o.s.o.j.LocalContainerEntityManagerFactoryBean ::-> Initialized JPA EntityManagerFactory for persistence unit 'default' Initialized JPA EntityManagerFactory for persistence unit 'default'
>16-04-2024 02:01:24 [restartedMain] INFO  c.r.b.s.impl.BookAuthorServiceImpl       ::-> inside BookAuthorServiceImpl... inside BookAuthorServiceImpl...
>16-04-2024 02:01:24 [restartedMain] INFO  c.r.b.controllers.BookAuthorController   ::-> inside BookAuthorController... inside BookAuthorController...
>16-04-2024 02:01:24 [restartedMain] INFO  c.r.b.s.impl.BookCategoryServiceImpl     ::-> entering bookCategoryService... entering bookCategoryService...
>16-04-2024 02:01:24 [restartedMain] INFO  c.r.b.controllers.BookCategoryController ::-> inside BookCategoryController... inside BookCategoryController...
>16-04-2024 02:01:24 [restartedMain] INFO  c.r.b.services.impl.BookServiceImpl      ::-> inside BookServiceImpl... inside BookServiceImpl...
>16-04-2024 02:01:24 [restartedMain] INFO  c.r.b.controllers.BookController         ::-> inside book controller... inside book controller...
>16-04-2024 02:01:24 [restartedMain] INFO  c.r.b.s.impl.GoogleApiBookServiceImpl    ::-> entering googleApiBookService... entering googleApiBookService...
>16-04-2024 02:01:24 [restartedMain] INFO  c.r.b.c.GoogleApiBookController          ::-> inside GoogleApiBookCOntroller... inside GoogleApiBookCOntroller...
>16-04-2024 02:01:24 [restartedMain] WARN  o.s.b.a.o.j.JpaBaseConfiguration$JpaWebConfiguration ::-> spring.jpa.open-in-view is enabled by default. Therefore, database queries may be performed during view rendering. Explicitly configure spring.jpa.open-in-view to disable this warning spring.jpa.open-in-view is enabled by default. Therefore, database queries may be performed during view rendering. Explicitly configure spring.jpa.open-in-view to disable this warning
>16-04-2024 02:01:24 [restartedMain] INFO  o.s.b.d.a.OptionalLiveReloadServer       ::-> LiveReload server is running on port 35729 LiveReload server is running on port 35729
>16-04-2024 02:01:24 [restartedMain] INFO  o.s.b.a.e.web.EndpointLinksResolver      ::-> Exposing 3 endpoint(s) beneath base path '/actuator' Exposing 3 endpoint(s) beneath base path '/actuator'
>16-04-2024 02:01:24 [restartedMain] INFO  o.s.b.w.embedded.tomcat.TomcatWebServer  ::-> Tomcat started on port 8081 (http) with context path '/bookservice' Tomcat started on port 8081 (http) with context path '/bookservice'
>16-04-2024 02:01:24 [restartedMain] INFO  c.r.bookService.BookServiceApplication   ::-> Started BookServiceApplication in 1.369 seconds (process running for 66.82) Started BookServiceApplication in 1.369 seconds (process running for 66.82)
>16-04-2024 02:01:24 [restartedMain] INFO  o.s.b.d.a.ConditionEvaluationDeltaLoggingListener ::-> Condition evaluation unchanged Condition evaluation unchanged
>16-04-2024 02:01:24 [restartedMain] INFO  c.r.bookService.BookServiceApplication   ::-> ************************ ************************
>16-04-2024 02:01:24 [restartedMain] INFO  c.r.bookService.BookServiceApplication   ::-> STARTED BOOK SERVICE... STARTED BOOK SERVICE...
>16-04-2024 02:01:24 [restartedMain] INFO  c.r.bookService.BookServiceApplication   ::-> ************************ ************************
>16-04-2024 02:01:27 [http-nio-8081-exec-2] INFO  o.a.c.c.C.[.[localhost].[/bookservice]   ::-> Initializing Spring DispatcherServlet 'dispatcherServlet' Initializing Spring DispatcherServlet 'dispatcherServlet'
>16-04-2024 02:01:27 [http-nio-8081-exec-2] INFO  o.s.web.servlet.DispatcherServlet        ::-> Initializing Servlet 'dispatcherServlet' Initializing Servlet 'dispatcherServlet'
>16-04-2024 02:01:27 [http-nio-8081-exec-2] INFO  o.s.web.servlet.DispatcherServlet        ::-> Completed initialization in 1 ms Completed initialization in 1 ms
>16-04-2024 02:01:27 [http-nio-8081-exec-2] INFO  c.r.b.filters.IncomingRequestFilter      ::-> Inside the main filter : IncomingRequestFilter :: checking the incoming request... Inside the main filter : IncomingRequestFilter :: checking the incoming request...
>16-04-2024 02:01:27 [http-nio-8081-exec-2] INFO  c.r.b.filters.IncomingRequestFilter      ::-> Inside the main filter : IncomingRequestFilter :: incoming request LOOKS GOOD Inside the main filter : IncomingRequestFilter :: incoming request LOOKS GOOD
>16-04-2024 02:01:27 [http-nio-8081-exec-2] INFO  c.r.b.filters.IncomingRequestFilter      ::-> Inside the main filter : IncomingRequestFilter :: entering the Book Service... Inside the main filter : IncomingRequestFilter :: entering the Book Service...
>16-04-2024 02:01:27 [http-nio-8081-exec-2] INFO  c.r.b.controllers.BookController         ::-> BookController: getting all books... BookController: getting all books...
>16-04-2024 02:01:27 [http-nio-8081-exec-2] INFO  c.r.b.services.impl.BookServiceImpl      ::-> BookService:: fetching all books... BookService:: fetching all books...
>16-04-2024 02:01:27 [http-nio-8081-exec-2] ERROR c.r.b.c.ResourceNotFoundException        ::-> ERROR::: book not found on server exception ERROR::: book not found on server exception
>16-04-2024 02:01:27 [http-nio-8081-exec-2] ERROR c.r.b.controllers.BookController         ::-> error in getting all the houses error in getting all the houses
>16-04-2024 02:02:09 [File Watcher] INFO  o.s.b.d.a.LocalDevToolsAutoConfiguration$RestartingClassPathChangeChangedEventListener ::-> Restarting due to 1 class path change (0 additions, 0 deletions, 1 modification) Restarting due to 1 class path change (0 additions, 0 deletions, 1 modification)
>16-04-2024 02:02:09 [Thread-7] INFO  o.s.o.j.LocalContainerEntityManagerFactoryBean ::-> Closing JPA EntityManagerFactory for persistence unit 'default' Closing JPA EntityManagerFactory for persistence unit 'default'
>16-04-2024 02:02:09 [Thread-7] INFO  com.zaxxer.hikari.HikariDataSource       ::-> HikariPool-2 - Shutdown initiated... HikariPool-2 - Shutdown initiated...
>16-04-2024 02:02:09 [Thread-7] INFO  com.zaxxer.hikari.HikariDataSource       ::-> HikariPool-2 - Shutdown completed. HikariPool-2 - Shutdown completed.
>16-04-2024 02:02:09 [restartedMain] INFO  c.r.bookService.BookServiceApplication   ::-> Starting BookServiceApplication using Java 17.0.7 with PID 22552 (D:\coding\2024\workspace\springboot\bookexchangerentmicroserviceproject\BookService\target\classes started by pandi in D:\coding\2024\workspace\springboot\bookexchangerentmicroserviceproject\BookService) Starting BookServiceApplication using Java 17.0.7 with PID 22552 (D:\coding\2024\workspace\springboot\bookexchangerentmicroserviceproject\BookService\target\classes started by pandi in D:\coding\2024\workspace\springboot\bookexchangerentmicroserviceproject\BookService)
>16-04-2024 02:02:09 [restartedMain] INFO  c.r.bookService.BookServiceApplication   ::-> The following 1 profile is active: "dev" The following 1 profile is active: "dev"
>16-04-2024 02:02:10 [restartedMain] INFO  o.s.d.r.c.RepositoryConfigurationDelegate ::-> Bootstrapping Spring Data JPA repositories in DEFAULT mode. Bootstrapping Spring Data JPA repositories in DEFAULT mode.
>16-04-2024 02:02:10 [restartedMain] INFO  o.s.d.r.c.RepositoryConfigurationDelegate ::-> Finished Spring Data repository scanning in 16 ms. Found 4 JPA repository interfaces. Finished Spring Data repository scanning in 16 ms. Found 4 JPA repository interfaces.
>16-04-2024 02:02:10 [restartedMain] INFO  o.s.b.w.embedded.tomcat.TomcatWebServer  ::-> Tomcat initialized with port 8081 (http) Tomcat initialized with port 8081 (http)
>16-04-2024 02:02:10 [restartedMain] INFO  o.apache.catalina.core.StandardService   ::-> Starting service [Tomcat] Starting service [Tomcat]
>16-04-2024 02:02:10 [restartedMain] INFO  org.apache.catalina.core.StandardEngine  ::-> Starting Servlet engine: [Apache Tomcat/10.1.19] Starting Servlet engine: [Apache Tomcat/10.1.19]
>16-04-2024 02:02:10 [restartedMain] INFO  o.a.c.c.C.[.[localhost].[/bookservice]   ::-> Initializing Spring embedded WebApplicationContext Initializing Spring embedded WebApplicationContext
>16-04-2024 02:02:10 [restartedMain] INFO  o.s.b.w.s.c.ServletWebServerApplicationContext ::-> Root WebApplicationContext: initialization completed in 449 ms Root WebApplicationContext: initialization completed in 449 ms
>16-04-2024 02:02:10 [restartedMain] INFO  o.hibernate.jpa.internal.util.LogHelper  ::-> HHH000204: Processing PersistenceUnitInfo [name: default] HHH000204: Processing PersistenceUnitInfo [name: default]
>16-04-2024 02:02:10 [restartedMain] INFO  o.h.c.internal.RegionFactoryInitiator    ::-> HHH000026: Second-level cache disabled HHH000026: Second-level cache disabled
>16-04-2024 02:02:10 [restartedMain] INFO  o.s.o.j.p.SpringPersistenceUnitInfo      ::-> No LoadTimeWeaver setup: ignoring JPA class transformer No LoadTimeWeaver setup: ignoring JPA class transformer
>16-04-2024 02:02:10 [restartedMain] INFO  com.zaxxer.hikari.HikariDataSource       ::-> HikariPool-3 - Starting... HikariPool-3 - Starting...
>16-04-2024 02:02:10 [restartedMain] INFO  com.zaxxer.hikari.pool.HikariPool        ::-> HikariPool-3 - Added connection com.mysql.cj.jdbc.ConnectionImpl@cd0d585 HikariPool-3 - Added connection com.mysql.cj.jdbc.ConnectionImpl@cd0d585
>16-04-2024 02:02:10 [restartedMain] INFO  com.zaxxer.hikari.HikariDataSource       ::-> HikariPool-3 - Start completed. HikariPool-3 - Start completed.
>16-04-2024 02:02:10 [restartedMain] INFO  o.h.e.t.j.p.i.JtaPlatformInitiator       ::-> HHH000489: No JTA platform available (set 'hibernate.transaction.jta.platform' to enable JTA platform integration) HHH000489: No JTA platform available (set 'hibernate.transaction.jta.platform' to enable JTA platform integration)
>16-04-2024 02:02:10 [restartedMain] INFO  o.s.o.j.LocalContainerEntityManagerFactoryBean ::-> Initialized JPA EntityManagerFactory for persistence unit 'default' Initialized JPA EntityManagerFactory for persistence unit 'default'
>16-04-2024 02:02:10 [restartedMain] INFO  c.r.b.s.impl.BookAuthorServiceImpl       ::-> inside BookAuthorServiceImpl... inside BookAuthorServiceImpl...
>16-04-2024 02:02:10 [restartedMain] INFO  c.r.b.controllers.BookAuthorController   ::-> inside BookAuthorController... inside BookAuthorController...
>16-04-2024 02:02:10 [restartedMain] INFO  c.r.b.s.impl.BookCategoryServiceImpl     ::-> entering bookCategoryService... entering bookCategoryService...
>16-04-2024 02:02:10 [restartedMain] INFO  c.r.b.controllers.BookCategoryController ::-> inside BookCategoryController... inside BookCategoryController...
>16-04-2024 02:02:10 [restartedMain] INFO  c.r.b.services.impl.BookServiceImpl      ::-> inside BookServiceImpl... inside BookServiceImpl...
>16-04-2024 02:02:10 [restartedMain] INFO  c.r.b.controllers.BookController         ::-> inside book controller... inside book controller...
>16-04-2024 02:02:10 [restartedMain] INFO  c.r.b.s.impl.GoogleApiBookServiceImpl    ::-> entering googleApiBookService... entering googleApiBookService...
>16-04-2024 02:02:10 [restartedMain] INFO  c.r.b.c.GoogleApiBookController          ::-> inside GoogleApiBookCOntroller... inside GoogleApiBookCOntroller...
>16-04-2024 02:02:10 [restartedMain] WARN  o.s.b.a.o.j.JpaBaseConfiguration$JpaWebConfiguration ::-> spring.jpa.open-in-view is enabled by default. Therefore, database queries may be performed during view rendering. Explicitly configure spring.jpa.open-in-view to disable this warning spring.jpa.open-in-view is enabled by default. Therefore, database queries may be performed during view rendering. Explicitly configure spring.jpa.open-in-view to disable this warning
>16-04-2024 02:02:11 [restartedMain] INFO  o.s.b.d.a.OptionalLiveReloadServer       ::-> LiveReload server is running on port 35729 LiveReload server is running on port 35729
>16-04-2024 02:02:11 [restartedMain] INFO  o.s.b.a.e.web.EndpointLinksResolver      ::-> Exposing 3 endpoint(s) beneath base path '/actuator' Exposing 3 endpoint(s) beneath base path '/actuator'
>16-04-2024 02:02:11 [restartedMain] INFO  o.s.b.w.embedded.tomcat.TomcatWebServer  ::-> Tomcat started on port 8081 (http) with context path '/bookservice' Tomcat started on port 8081 (http) with context path '/bookservice'
>16-04-2024 02:02:11 [restartedMain] INFO  c.r.bookService.BookServiceApplication   ::-> Started BookServiceApplication in 1.373 seconds (process running for 113.441) Started BookServiceApplication in 1.373 seconds (process running for 113.441)
>16-04-2024 02:02:11 [restartedMain] INFO  o.s.b.d.a.ConditionEvaluationDeltaLoggingListener ::-> Condition evaluation unchanged Condition evaluation unchanged
>16-04-2024 02:02:11 [restartedMain] INFO  c.r.bookService.BookServiceApplication   ::-> ************************ ************************
>16-04-2024 02:02:11 [restartedMain] INFO  c.r.bookService.BookServiceApplication   ::-> STARTED BOOK SERVICE... STARTED BOOK SERVICE...
>16-04-2024 02:02:11 [restartedMain] INFO  c.r.bookService.BookServiceApplication   ::-> ************************ ************************
>16-04-2024 02:03:36 [File Watcher] INFO  o.s.b.d.a.LocalDevToolsAutoConfiguration$RestartingClassPathChangeChangedEventListener ::-> Restarting due to 1 class path change (0 additions, 0 deletions, 1 modification) Restarting due to 1 class path change (0 additions, 0 deletions, 1 modification)
>16-04-2024 02:03:36 [Thread-11] INFO  o.s.o.j.LocalContainerEntityManagerFactoryBean ::-> Closing JPA EntityManagerFactory for persistence unit 'default' Closing JPA EntityManagerFactory for persistence unit 'default'
>16-04-2024 02:03:36 [Thread-11] INFO  com.zaxxer.hikari.HikariDataSource       ::-> HikariPool-3 - Shutdown initiated... HikariPool-3 - Shutdown initiated...
>16-04-2024 02:03:36 [Thread-11] INFO  com.zaxxer.hikari.HikariDataSource       ::-> HikariPool-3 - Shutdown completed. HikariPool-3 - Shutdown completed.
>16-04-2024 02:03:36 [restartedMain] INFO  c.r.bookService.BookServiceApplication   ::-> Starting BookServiceApplication using Java 17.0.7 with PID 22552 (D:\coding\2024\workspace\springboot\bookexchangerentmicroserviceproject\BookService\target\classes started by pandi in D:\coding\2024\workspace\springboot\bookexchangerentmicroserviceproject\BookService) Starting BookServiceApplication using Java 17.0.7 with PID 22552 (D:\coding\2024\workspace\springboot\bookexchangerentmicroserviceproject\BookService\target\classes started by pandi in D:\coding\2024\workspace\springboot\bookexchangerentmicroserviceproject\BookService)
>16-04-2024 02:03:36 [restartedMain] INFO  c.r.bookService.BookServiceApplication   ::-> The following 1 profile is active: "dev" The following 1 profile is active: "dev"
>16-04-2024 02:03:36 [restartedMain] INFO  o.s.d.r.c.RepositoryConfigurationDelegate ::-> Bootstrapping Spring Data JPA repositories in DEFAULT mode. Bootstrapping Spring Data JPA repositories in DEFAULT mode.
>16-04-2024 02:03:36 [restartedMain] INFO  o.s.d.r.c.RepositoryConfigurationDelegate ::-> Finished Spring Data repository scanning in 17 ms. Found 4 JPA repository interfaces. Finished Spring Data repository scanning in 17 ms. Found 4 JPA repository interfaces.
>16-04-2024 02:03:36 [restartedMain] INFO  o.s.b.w.embedded.tomcat.TomcatWebServer  ::-> Tomcat initialized with port 8081 (http) Tomcat initialized with port 8081 (http)
>16-04-2024 02:03:36 [restartedMain] INFO  o.apache.catalina.core.StandardService   ::-> Starting service [Tomcat] Starting service [Tomcat]
>16-04-2024 02:03:36 [restartedMain] INFO  org.apache.catalina.core.StandardEngine  ::-> Starting Servlet engine: [Apache Tomcat/10.1.19] Starting Servlet engine: [Apache Tomcat/10.1.19]
>16-04-2024 02:03:36 [restartedMain] INFO  o.a.c.c.C.[.[localhost].[/bookservice]   ::-> Initializing Spring embedded WebApplicationContext Initializing Spring embedded WebApplicationContext
>16-04-2024 02:03:36 [restartedMain] INFO  o.s.b.w.s.c.ServletWebServerApplicationContext ::-> Root WebApplicationContext: initialization completed in 428 ms Root WebApplicationContext: initialization completed in 428 ms
>16-04-2024 02:03:36 [restartedMain] INFO  o.hibernate.jpa.internal.util.LogHelper  ::-> HHH000204: Processing PersistenceUnitInfo [name: default] HHH000204: Processing PersistenceUnitInfo [name: default]
>16-04-2024 02:03:36 [restartedMain] INFO  o.h.c.internal.RegionFactoryInitiator    ::-> HHH000026: Second-level cache disabled HHH000026: Second-level cache disabled
>16-04-2024 02:03:36 [restartedMain] INFO  o.s.o.j.p.SpringPersistenceUnitInfo      ::-> No LoadTimeWeaver setup: ignoring JPA class transformer No LoadTimeWeaver setup: ignoring JPA class transformer
>16-04-2024 02:03:36 [restartedMain] INFO  com.zaxxer.hikari.HikariDataSource       ::-> HikariPool-4 - Starting... HikariPool-4 - Starting...
>16-04-2024 02:03:36 [restartedMain] INFO  com.zaxxer.hikari.pool.HikariPool        ::-> HikariPool-4 - Added connection com.mysql.cj.jdbc.ConnectionImpl@91e18dd HikariPool-4 - Added connection com.mysql.cj.jdbc.ConnectionImpl@91e18dd
>16-04-2024 02:03:36 [restartedMain] INFO  com.zaxxer.hikari.HikariDataSource       ::-> HikariPool-4 - Start completed. HikariPool-4 - Start completed.
>16-04-2024 02:03:36 [restartedMain] INFO  o.h.e.t.j.p.i.JtaPlatformInitiator       ::-> HHH000489: No JTA platform available (set 'hibernate.transaction.jta.platform' to enable JTA platform integration) HHH000489: No JTA platform available (set 'hibernate.transaction.jta.platform' to enable JTA platform integration)
>16-04-2024 02:03:36 [restartedMain] INFO  o.s.o.j.LocalContainerEntityManagerFactoryBean ::-> Initialized JPA EntityManagerFactory for persistence unit 'default' Initialized JPA EntityManagerFactory for persistence unit 'default'
>16-04-2024 02:03:37 [restartedMain] INFO  c.r.b.s.impl.BookAuthorServiceImpl       ::-> inside BookAuthorServiceImpl... inside BookAuthorServiceImpl...
>16-04-2024 02:03:37 [restartedMain] INFO  c.r.b.controllers.BookAuthorController   ::-> inside BookAuthorController... inside BookAuthorController...
>16-04-2024 02:03:37 [restartedMain] INFO  c.r.b.s.impl.BookCategoryServiceImpl     ::-> entering bookCategoryService... entering bookCategoryService...
>16-04-2024 02:03:37 [restartedMain] INFO  c.r.b.controllers.BookCategoryController ::-> inside BookCategoryController... inside BookCategoryController...
>16-04-2024 02:03:37 [restartedMain] INFO  c.r.b.services.impl.BookServiceImpl      ::-> inside BookServiceImpl... inside BookServiceImpl...
>16-04-2024 02:03:37 [restartedMain] INFO  c.r.b.controllers.BookController         ::-> inside book controller... inside book controller...
>16-04-2024 02:03:37 [restartedMain] INFO  c.r.b.s.impl.GoogleApiBookServiceImpl    ::-> entering googleApiBookService... entering googleApiBookService...
>16-04-2024 02:03:37 [restartedMain] INFO  c.r.b.c.GoogleApiBookController          ::-> inside GoogleApiBookCOntroller... inside GoogleApiBookCOntroller...
>16-04-2024 02:03:37 [restartedMain] WARN  o.s.b.a.o.j.JpaBaseConfiguration$JpaWebConfiguration ::-> spring.jpa.open-in-view is enabled by default. Therefore, database queries may be performed during view rendering. Explicitly configure spring.jpa.open-in-view to disable this warning spring.jpa.open-in-view is enabled by default. Therefore, database queries may be performed during view rendering. Explicitly configure spring.jpa.open-in-view to disable this warning
>16-04-2024 02:03:37 [restartedMain] INFO  o.s.b.d.a.OptionalLiveReloadServer       ::-> LiveReload server is running on port 35729 LiveReload server is running on port 35729
>16-04-2024 02:03:37 [restartedMain] INFO  o.s.b.a.e.web.EndpointLinksResolver      ::-> Exposing 3 endpoint(s) beneath base path '/actuator' Exposing 3 endpoint(s) beneath base path '/actuator'
>16-04-2024 02:03:37 [restartedMain] INFO  o.s.b.w.embedded.tomcat.TomcatWebServer  ::-> Tomcat started on port 8081 (http) with context path '/bookservice' Tomcat started on port 8081 (http) with context path '/bookservice'
>16-04-2024 02:03:37 [restartedMain] INFO  c.r.bookService.BookServiceApplication   ::-> Started BookServiceApplication in 1.328 seconds (process running for 199.794) Started BookServiceApplication in 1.328 seconds (process running for 199.794)
>16-04-2024 02:03:37 [restartedMain] INFO  o.s.b.d.a.ConditionEvaluationDeltaLoggingListener ::-> Condition evaluation unchanged Condition evaluation unchanged
>16-04-2024 02:03:37 [restartedMain] INFO  c.r.bookService.BookServiceApplication   ::-> ************************ ************************
>16-04-2024 02:03:37 [restartedMain] INFO  c.r.bookService.BookServiceApplication   ::-> STARTED BOOK SERVICE... STARTED BOOK SERVICE...
>16-04-2024 02:03:37 [restartedMain] INFO  c.r.bookService.BookServiceApplication   ::-> ************************ ************************
>16-04-2024 02:03:39 [http-nio-8081-exec-2] INFO  o.a.c.c.C.[.[localhost].[/bookservice]   ::-> Initializing Spring DispatcherServlet 'dispatcherServlet' Initializing Spring DispatcherServlet 'dispatcherServlet'
>16-04-2024 02:03:39 [http-nio-8081-exec-2] INFO  o.s.web.servlet.DispatcherServlet        ::-> Initializing Servlet 'dispatcherServlet' Initializing Servlet 'dispatcherServlet'
>16-04-2024 02:03:39 [http-nio-8081-exec-2] INFO  o.s.web.servlet.DispatcherServlet        ::-> Completed initialization in 1 ms Completed initialization in 1 ms
>16-04-2024 02:03:39 [http-nio-8081-exec-2] INFO  c.r.b.filters.IncomingRequestFilter      ::-> Inside the main filter : IncomingRequestFilter :: checking the incoming request... Inside the main filter : IncomingRequestFilter :: checking the incoming request...
>16-04-2024 02:03:39 [http-nio-8081-exec-2] INFO  c.r.b.filters.IncomingRequestFilter      ::-> Inside the main filter : IncomingRequestFilter :: incoming request LOOKS GOOD Inside the main filter : IncomingRequestFilter :: incoming request LOOKS GOOD
>16-04-2024 02:03:39 [http-nio-8081-exec-2] INFO  c.r.b.filters.IncomingRequestFilter      ::-> Inside the main filter : IncomingRequestFilter :: entering the Book Service... Inside the main filter : IncomingRequestFilter :: entering the Book Service...
>16-04-2024 02:03:39 [http-nio-8081-exec-2] INFO  c.r.b.controllers.BookController         ::-> BookController: getting all books... BookController: getting all books...
>16-04-2024 02:03:39 [http-nio-8081-exec-2] INFO  c.r.b.services.impl.BookServiceImpl      ::-> BookService:: fetching all books... BookService:: fetching all books...
>16-04-2024 02:03:39 [http-nio-8081-exec-2] ERROR c.r.b.c.ResourceNotFoundException        ::-> ERROR::: book not found on server exception ERROR::: book not found on server exception
>16-04-2024 02:03:39 [http-nio-8081-exec-2] ERROR c.r.b.controllers.BookController         ::-> error in getting all the books error in getting all the books
>16-04-2024 02:03:50 [http-nio-8081-exec-3] INFO  c.r.b.filters.IncomingRequestFilter      ::-> Inside the main filter : IncomingRequestFilter :: checking the incoming request... Inside the main filter : IncomingRequestFilter :: checking the incoming request...
>16-04-2024 02:03:50 [http-nio-8081-exec-3] INFO  c.r.b.filters.IncomingRequestFilter      ::-> Inside the main filter : IncomingRequestFilter :: incoming request LOOKS GOOD Inside the main filter : IncomingRequestFilter :: incoming request LOOKS GOOD
>16-04-2024 02:03:50 [http-nio-8081-exec-3] INFO  c.r.b.filters.IncomingRequestFilter      ::-> Inside the main filter : IncomingRequestFilter :: entering the Book Service... Inside the main filter : IncomingRequestFilter :: entering the Book Service...
>16-04-2024 02:03:50 [http-nio-8081-exec-3] INFO  c.r.b.controllers.BookController         ::-> BookController: getting all books... BookController: getting all books...
>16-04-2024 02:03:50 [http-nio-8081-exec-3] INFO  c.r.b.services.impl.BookServiceImpl      ::-> BookService:: fetching all books... BookService:: fetching all books...
>16-04-2024 02:03:50 [http-nio-8081-exec-3] ERROR c.r.b.c.ResourceNotFoundException        ::-> ERROR::: book not found on server exception ERROR::: book not found on server exception
>16-04-2024 02:03:50 [http-nio-8081-exec-3] ERROR c.r.b.controllers.BookController         ::-> error in getting all the books error in getting all the books
>16-04-2024 02:05:31 [RMI TCP Connection(25)-127.0.0.1] INFO  o.s.b.a.SpringApplicationAdminMXBeanRegistrar$SpringApplicationAdmin ::-> Application shutdown requested. Application shutdown requested.
>16-04-2024 02:05:31 [RMI TCP Connection(25)-127.0.0.1] INFO  o.s.o.j.LocalContainerEntityManagerFactoryBean ::-> Closing JPA EntityManagerFactory for persistence unit 'default' Closing JPA EntityManagerFactory for persistence unit 'default'
>16-04-2024 02:05:31 [RMI TCP Connection(25)-127.0.0.1] INFO  com.zaxxer.hikari.HikariDataSource       ::-> HikariPool-4 - Shutdown initiated... HikariPool-4 - Shutdown initiated...
>16-04-2024 02:05:31 [RMI TCP Connection(25)-127.0.0.1] INFO  com.zaxxer.hikari.HikariDataSource       ::-> HikariPool-4 - Shutdown completed. HikariPool-4 - Shutdown completed.
