>14-04-2024 07:11:27 [restartedMain] INFO  c.r.bookService.BookServiceApplication   ::-> Starting BookServiceApplication using Java 17.0.7 with PID 3008 (D:\coding\2024\workspace\springboot\bookexchangerentmicroserviceproject\BookService\target\classes started by pandi in D:\coding\2024\workspace\springboot\bookexchangerentmicroserviceproject\BookService) Starting BookServiceApplication using Java 17.0.7 with PID 3008 (D:\coding\2024\workspace\springboot\bookexchangerentmicroserviceproject\BookService\target\classes started by pandi in D:\coding\2024\workspace\springboot\bookexchangerentmicroserviceproject\BookService)
>14-04-2024 07:11:27 [restartedMain] INFO  c.r.bookService.BookServiceApplication   ::-> No active profile set, falling back to 1 default profile: "default" No active profile set, falling back to 1 default profile: "default"
>14-04-2024 07:11:28 [restartedMain] INFO  o.s.b.d.e.DevToolsPropertyDefaultsPostProcessor ::-> Devtools property defaults active! Set 'spring.devtools.add-properties' to 'false' to disable Devtools property defaults active! Set 'spring.devtools.add-properties' to 'false' to disable
>14-04-2024 07:11:28 [restartedMain] INFO  o.s.b.d.e.DevToolsPropertyDefaultsPostProcessor ::-> For additional web related logging consider setting the 'logging.level.web' property to 'DEBUG' For additional web related logging consider setting the 'logging.level.web' property to 'DEBUG'
>14-04-2024 07:11:28 [restartedMain] INFO  o.s.d.r.c.RepositoryConfigurationDelegate ::-> Bootstrapping Spring Data JPA repositories in DEFAULT mode. Bootstrapping Spring Data JPA repositories in DEFAULT mode.
>14-04-2024 07:11:28 [restartedMain] INFO  o.s.d.r.c.RepositoryConfigurationDelegate ::-> Finished Spring Data repository scanning in 12 ms. Found 0 JPA repository interfaces. Finished Spring Data repository scanning in 12 ms. Found 0 JPA repository interfaces.
>14-04-2024 07:11:29 [restartedMain] INFO  o.s.b.w.embedded.tomcat.TomcatWebServer  ::-> Tomcat initialized with port 8081 (http) Tomcat initialized with port 8081 (http)
>14-04-2024 07:11:29 [restartedMain] INFO  o.apache.catalina.core.StandardService   ::-> Starting service [Tomcat] Starting service [Tomcat]
>14-04-2024 07:11:29 [restartedMain] INFO  org.apache.catalina.core.StandardEngine  ::-> Starting Servlet engine: [Apache Tomcat/10.1.19] Starting Servlet engine: [Apache Tomcat/10.1.19]
>14-04-2024 07:11:29 [restartedMain] INFO  o.a.c.c.C.[Tomcat].[localhost].[/]       ::-> Initializing Spring embedded WebApplicationContext Initializing Spring embedded WebApplicationContext
>14-04-2024 07:11:29 [restartedMain] INFO  o.s.b.w.s.c.ServletWebServerApplicationContext ::-> Root WebApplicationContext: initialization completed in 1546 ms Root WebApplicationContext: initialization completed in 1546 ms
>14-04-2024 07:11:29 [restartedMain] INFO  o.hibernate.jpa.internal.util.LogHelper  ::-> HHH000204: Processing PersistenceUnitInfo [name: default] HHH000204: Processing PersistenceUnitInfo [name: default]
>14-04-2024 07:11:29 [restartedMain] INFO  org.hibernate.Version                    ::-> HHH000412: Hibernate ORM core version 6.4.4.Final HHH000412: Hibernate ORM core version 6.4.4.Final
>14-04-2024 07:11:29 [restartedMain] INFO  o.h.c.internal.RegionFactoryInitiator    ::-> HHH000026: Second-level cache disabled HHH000026: Second-level cache disabled
>14-04-2024 07:11:30 [restartedMain] INFO  o.s.o.j.p.SpringPersistenceUnitInfo      ::-> No LoadTimeWeaver setup: ignoring JPA class transformer No LoadTimeWeaver setup: ignoring JPA class transformer
>14-04-2024 07:11:30 [restartedMain] INFO  com.zaxxer.hikari.HikariDataSource       ::-> HikariPool-1 - Starting... HikariPool-1 - Starting...
>14-04-2024 07:11:30 [restartedMain] INFO  com.zaxxer.hikari.pool.HikariPool        ::-> HikariPool-1 - Added connection com.mysql.cj.jdbc.ConnectionImpl@4aaddd85 HikariPool-1 - Added connection com.mysql.cj.jdbc.ConnectionImpl@4aaddd85
>14-04-2024 07:11:30 [restartedMain] INFO  com.zaxxer.hikari.HikariDataSource       ::-> HikariPool-1 - Start completed. HikariPool-1 - Start completed.
>14-04-2024 07:11:30 [restartedMain] INFO  o.h.e.t.j.p.i.JtaPlatformInitiator       ::-> HHH000489: No JTA platform available (set 'hibernate.transaction.jta.platform' to enable JTA platform integration) HHH000489: No JTA platform available (set 'hibernate.transaction.jta.platform' to enable JTA platform integration)
>14-04-2024 07:11:30 [restartedMain] INFO  o.s.o.j.LocalContainerEntityManagerFactoryBean ::-> Initialized JPA EntityManagerFactory for persistence unit 'default' Initialized JPA EntityManagerFactory for persistence unit 'default'
>14-04-2024 07:11:30 [restartedMain] WARN  o.s.b.a.o.j.JpaBaseConfiguration$JpaWebConfiguration ::-> spring.jpa.open-in-view is enabled by default. Therefore, database queries may be performed during view rendering. Explicitly configure spring.jpa.open-in-view to disable this warning spring.jpa.open-in-view is enabled by default. Therefore, database queries may be performed during view rendering. Explicitly configure spring.jpa.open-in-view to disable this warning
>14-04-2024 07:11:31 [restartedMain] INFO  o.s.b.d.a.OptionalLiveReloadServer       ::-> LiveReload server is running on port 35729 LiveReload server is running on port 35729
>14-04-2024 07:11:31 [restartedMain] INFO  o.s.b.a.e.web.EndpointLinksResolver      ::-> Exposing 2 endpoint(s) beneath base path '/actuator' Exposing 2 endpoint(s) beneath base path '/actuator'
>14-04-2024 07:11:31 [restartedMain] INFO  o.s.b.w.embedded.tomcat.TomcatWebServer  ::-> Tomcat started on port 8081 (http) with context path '' Tomcat started on port 8081 (http) with context path ''
>14-04-2024 07:11:31 [restartedMain] INFO  c.r.bookService.BookServiceApplication   ::-> Started BookServiceApplication in 4.126 seconds (process running for 4.878) Started BookServiceApplication in 4.126 seconds (process running for 4.878)
>14-04-2024 07:11:32 [RMI TCP Connection(9)-127.0.0.1] INFO  o.a.c.c.C.[Tomcat].[localhost].[/]       ::-> Initializing Spring DispatcherServlet 'dispatcherServlet' Initializing Spring DispatcherServlet 'dispatcherServlet'
>14-04-2024 07:11:32 [RMI TCP Connection(9)-127.0.0.1] INFO  o.s.web.servlet.DispatcherServlet        ::-> Initializing Servlet 'dispatcherServlet' Initializing Servlet 'dispatcherServlet'
>14-04-2024 07:11:32 [RMI TCP Connection(9)-127.0.0.1] INFO  o.s.web.servlet.DispatcherServlet        ::-> Completed initialization in 2 ms Completed initialization in 2 ms
>14-04-2024 07:13:02 [File Watcher] INFO  o.s.b.d.a.LocalDevToolsAutoConfiguration$RestartingClassPathChangeChangedEventListener ::-> Restarting due to 1 class path change (0 additions, 0 deletions, 1 modification) Restarting due to 1 class path change (0 additions, 0 deletions, 1 modification)
>14-04-2024 07:13:02 [Thread-5] INFO  o.s.o.j.LocalContainerEntityManagerFactoryBean ::-> Closing JPA EntityManagerFactory for persistence unit 'default' Closing JPA EntityManagerFactory for persistence unit 'default'
>14-04-2024 07:13:02 [Thread-5] INFO  com.zaxxer.hikari.HikariDataSource       ::-> HikariPool-1 - Shutdown initiated... HikariPool-1 - Shutdown initiated...
>14-04-2024 07:13:02 [Thread-5] INFO  com.zaxxer.hikari.HikariDataSource       ::-> HikariPool-1 - Shutdown completed. HikariPool-1 - Shutdown completed.
>14-04-2024 07:13:02 [restartedMain] INFO  c.r.bookService.BookServiceApplication   ::-> Starting BookServiceApplication using Java 17.0.7 with PID 3008 (D:\coding\2024\workspace\springboot\bookexchangerentmicroserviceproject\BookService\target\classes started by pandi in D:\coding\2024\workspace\springboot\bookexchangerentmicroserviceproject\BookService) Starting BookServiceApplication using Java 17.0.7 with PID 3008 (D:\coding\2024\workspace\springboot\bookexchangerentmicroserviceproject\BookService\target\classes started by pandi in D:\coding\2024\workspace\springboot\bookexchangerentmicroserviceproject\BookService)
>14-04-2024 07:13:02 [restartedMain] INFO  c.r.bookService.BookServiceApplication   ::-> No active profile set, falling back to 1 default profile: "default" No active profile set, falling back to 1 default profile: "default"
>14-04-2024 07:13:02 [restartedMain] INFO  o.s.d.r.c.RepositoryConfigurationDelegate ::-> Bootstrapping Spring Data JPA repositories in DEFAULT mode. Bootstrapping Spring Data JPA repositories in DEFAULT mode.
>14-04-2024 07:13:02 [restartedMain] INFO  o.s.d.r.c.RepositoryConfigurationDelegate ::-> Finished Spring Data repository scanning in 1 ms. Found 0 JPA repository interfaces. Finished Spring Data repository scanning in 1 ms. Found 0 JPA repository interfaces.
>14-04-2024 07:13:02 [restartedMain] INFO  o.s.b.w.embedded.tomcat.TomcatWebServer  ::-> Tomcat initialized with port 8081 (http) Tomcat initialized with port 8081 (http)
>14-04-2024 07:13:02 [restartedMain] INFO  o.apache.catalina.core.StandardService   ::-> Starting service [Tomcat] Starting service [Tomcat]
>14-04-2024 07:13:02 [restartedMain] INFO  org.apache.catalina.core.StandardEngine  ::-> Starting Servlet engine: [Apache Tomcat/10.1.19] Starting Servlet engine: [Apache Tomcat/10.1.19]
>14-04-2024 07:13:02 [restartedMain] INFO  o.a.c.c.C.[Tomcat].[localhost].[/]       ::-> Initializing Spring embedded WebApplicationContext Initializing Spring embedded WebApplicationContext
>14-04-2024 07:13:02 [restartedMain] INFO  o.s.b.w.s.c.ServletWebServerApplicationContext ::-> Root WebApplicationContext: initialization completed in 379 ms Root WebApplicationContext: initialization completed in 379 ms
>14-04-2024 07:13:02 [restartedMain] INFO  o.hibernate.jpa.internal.util.LogHelper  ::-> HHH000204: Processing PersistenceUnitInfo [name: default] HHH000204: Processing PersistenceUnitInfo [name: default]
>14-04-2024 07:13:02 [restartedMain] INFO  o.h.c.internal.RegionFactoryInitiator    ::-> HHH000026: Second-level cache disabled HHH000026: Second-level cache disabled
>14-04-2024 07:13:02 [restartedMain] INFO  o.s.o.j.p.SpringPersistenceUnitInfo      ::-> No LoadTimeWeaver setup: ignoring JPA class transformer No LoadTimeWeaver setup: ignoring JPA class transformer
>14-04-2024 07:13:02 [restartedMain] INFO  com.zaxxer.hikari.HikariDataSource       ::-> HikariPool-2 - Starting... HikariPool-2 - Starting...
>14-04-2024 07:13:02 [restartedMain] INFO  com.zaxxer.hikari.pool.HikariPool        ::-> HikariPool-2 - Added connection com.mysql.cj.jdbc.ConnectionImpl@8b7f6ae HikariPool-2 - Added connection com.mysql.cj.jdbc.ConnectionImpl@8b7f6ae
>14-04-2024 07:13:02 [restartedMain] INFO  com.zaxxer.hikari.HikariDataSource       ::-> HikariPool-2 - Start completed. HikariPool-2 - Start completed.
>14-04-2024 07:13:02 [restartedMain] INFO  o.h.e.t.j.p.i.JtaPlatformInitiator       ::-> HHH000489: No JTA platform available (set 'hibernate.transaction.jta.platform' to enable JTA platform integration) HHH000489: No JTA platform available (set 'hibernate.transaction.jta.platform' to enable JTA platform integration)
>14-04-2024 07:13:02 [restartedMain] INFO  o.s.o.j.LocalContainerEntityManagerFactoryBean ::-> Initialized JPA EntityManagerFactory for persistence unit 'default' Initialized JPA EntityManagerFactory for persistence unit 'default'
>14-04-2024 07:13:02 [restartedMain] WARN  o.s.b.a.o.j.JpaBaseConfiguration$JpaWebConfiguration ::-> spring.jpa.open-in-view is enabled by default. Therefore, database queries may be performed during view rendering. Explicitly configure spring.jpa.open-in-view to disable this warning spring.jpa.open-in-view is enabled by default. Therefore, database queries may be performed during view rendering. Explicitly configure spring.jpa.open-in-view to disable this warning
>14-04-2024 07:13:03 [restartedMain] INFO  o.s.b.d.a.OptionalLiveReloadServer       ::-> LiveReload server is running on port 35729 LiveReload server is running on port 35729
>14-04-2024 07:13:03 [restartedMain] INFO  o.s.b.a.e.web.EndpointLinksResolver      ::-> Exposing 2 endpoint(s) beneath base path '/actuator' Exposing 2 endpoint(s) beneath base path '/actuator'
>14-04-2024 07:13:03 [restartedMain] INFO  o.s.b.w.embedded.tomcat.TomcatWebServer  ::-> Tomcat started on port 8081 (http) with context path '' Tomcat started on port 8081 (http) with context path ''
>14-04-2024 07:13:03 [restartedMain] INFO  c.r.bookService.BookServiceApplication   ::-> Started BookServiceApplication in 1.041 seconds (process running for 96.338) Started BookServiceApplication in 1.041 seconds (process running for 96.338)
>14-04-2024 07:13:03 [restartedMain] INFO  o.s.b.d.a.ConditionEvaluationDeltaLoggingListener ::-> Condition evaluation unchanged Condition evaluation unchanged
>14-04-2024 07:13:03 [restartedMain] INFO  c.r.bookService.BookServiceApplication   ::-> ************************ ************************
>14-04-2024 07:13:03 [restartedMain] INFO  c.r.bookService.BookServiceApplication   ::-> STARTED BOOK SERVICE... STARTED BOOK SERVICE...
>14-04-2024 07:13:03 [restartedMain] INFO  c.r.bookService.BookServiceApplication   ::-> ************************ ************************
>14-04-2024 07:18:08 [File Watcher] INFO  o.s.b.d.a.LocalDevToolsAutoConfiguration$RestartingClassPathChangeChangedEventListener ::-> Restarting due to 1 class path change (0 additions, 0 deletions, 1 modification) Restarting due to 1 class path change (0 additions, 0 deletions, 1 modification)
>14-04-2024 07:18:08 [Thread-7] INFO  o.s.o.j.LocalContainerEntityManagerFactoryBean ::-> Closing JPA EntityManagerFactory for persistence unit 'default' Closing JPA EntityManagerFactory for persistence unit 'default'
>14-04-2024 07:18:08 [Thread-7] INFO  com.zaxxer.hikari.HikariDataSource       ::-> HikariPool-2 - Shutdown initiated... HikariPool-2 - Shutdown initiated...
>14-04-2024 07:18:08 [Thread-7] INFO  com.zaxxer.hikari.HikariDataSource       ::-> HikariPool-2 - Shutdown completed. HikariPool-2 - Shutdown completed.
>14-04-2024 07:18:08 [restartedMain] INFO  c.r.bookService.BookServiceApplication   ::-> Starting BookServiceApplication using Java 17.0.7 with PID 3008 (D:\coding\2024\workspace\springboot\bookexchangerentmicroserviceproject\BookService\target\classes started by pandi in D:\coding\2024\workspace\springboot\bookexchangerentmicroserviceproject\BookService) Starting BookServiceApplication using Java 17.0.7 with PID 3008 (D:\coding\2024\workspace\springboot\bookexchangerentmicroserviceproject\BookService\target\classes started by pandi in D:\coding\2024\workspace\springboot\bookexchangerentmicroserviceproject\BookService)
>14-04-2024 07:18:08 [restartedMain] INFO  c.r.bookService.BookServiceApplication   ::-> No active profile set, falling back to 1 default profile: "default" No active profile set, falling back to 1 default profile: "default"
>14-04-2024 07:18:08 [restartedMain] INFO  o.s.d.r.c.RepositoryConfigurationDelegate ::-> Bootstrapping Spring Data JPA repositories in DEFAULT mode. Bootstrapping Spring Data JPA repositories in DEFAULT mode.
>14-04-2024 07:18:08 [restartedMain] INFO  o.s.d.r.c.RepositoryConfigurationDelegate ::-> Finished Spring Data repository scanning in 1 ms. Found 0 JPA repository interfaces. Finished Spring Data repository scanning in 1 ms. Found 0 JPA repository interfaces.
>14-04-2024 07:18:08 [restartedMain] INFO  o.s.b.w.embedded.tomcat.TomcatWebServer  ::-> Tomcat initialized with port 8081 (http) Tomcat initialized with port 8081 (http)
>14-04-2024 07:18:08 [restartedMain] INFO  o.apache.catalina.core.StandardService   ::-> Starting service [Tomcat] Starting service [Tomcat]
>14-04-2024 07:18:08 [restartedMain] INFO  org.apache.catalina.core.StandardEngine  ::-> Starting Servlet engine: [Apache Tomcat/10.1.19] Starting Servlet engine: [Apache Tomcat/10.1.19]
>14-04-2024 07:18:08 [restartedMain] INFO  o.a.c.c.C.[Tomcat].[localhost].[/books]  ::-> Initializing Spring embedded WebApplicationContext Initializing Spring embedded WebApplicationContext
>14-04-2024 07:18:08 [restartedMain] INFO  o.s.b.w.s.c.ServletWebServerApplicationContext ::-> Root WebApplicationContext: initialization completed in 429 ms Root WebApplicationContext: initialization completed in 429 ms
>14-04-2024 07:18:08 [restartedMain] INFO  o.hibernate.jpa.internal.util.LogHelper  ::-> HHH000204: Processing PersistenceUnitInfo [name: default] HHH000204: Processing PersistenceUnitInfo [name: default]
>14-04-2024 07:18:08 [restartedMain] INFO  o.h.c.internal.RegionFactoryInitiator    ::-> HHH000026: Second-level cache disabled HHH000026: Second-level cache disabled
>14-04-2024 07:18:08 [restartedMain] INFO  o.s.o.j.p.SpringPersistenceUnitInfo      ::-> No LoadTimeWeaver setup: ignoring JPA class transformer No LoadTimeWeaver setup: ignoring JPA class transformer
>14-04-2024 07:18:08 [restartedMain] INFO  com.zaxxer.hikari.HikariDataSource       ::-> HikariPool-3 - Starting... HikariPool-3 - Starting...
>14-04-2024 07:18:08 [restartedMain] INFO  com.zaxxer.hikari.pool.HikariPool        ::-> HikariPool-3 - Added connection com.mysql.cj.jdbc.ConnectionImpl@47673428 HikariPool-3 - Added connection com.mysql.cj.jdbc.ConnectionImpl@47673428
>14-04-2024 07:18:08 [restartedMain] INFO  com.zaxxer.hikari.HikariDataSource       ::-> HikariPool-3 - Start completed. HikariPool-3 - Start completed.
>14-04-2024 07:18:08 [restartedMain] INFO  o.h.e.t.j.p.i.JtaPlatformInitiator       ::-> HHH000489: No JTA platform available (set 'hibernate.transaction.jta.platform' to enable JTA platform integration) HHH000489: No JTA platform available (set 'hibernate.transaction.jta.platform' to enable JTA platform integration)
>14-04-2024 07:18:08 [restartedMain] INFO  o.s.o.j.LocalContainerEntityManagerFactoryBean ::-> Initialized JPA EntityManagerFactory for persistence unit 'default' Initialized JPA EntityManagerFactory for persistence unit 'default'
>14-04-2024 07:18:08 [restartedMain] WARN  o.s.b.a.o.j.JpaBaseConfiguration$JpaWebConfiguration ::-> spring.jpa.open-in-view is enabled by default. Therefore, database queries may be performed during view rendering. Explicitly configure spring.jpa.open-in-view to disable this warning spring.jpa.open-in-view is enabled by default. Therefore, database queries may be performed during view rendering. Explicitly configure spring.jpa.open-in-view to disable this warning
>14-04-2024 07:18:09 [restartedMain] INFO  o.s.b.d.a.OptionalLiveReloadServer       ::-> LiveReload server is running on port 35729 LiveReload server is running on port 35729
>14-04-2024 07:18:09 [restartedMain] INFO  o.s.b.a.e.web.EndpointLinksResolver      ::-> Exposing 3 endpoint(s) beneath base path '/actuator' Exposing 3 endpoint(s) beneath base path '/actuator'
>14-04-2024 07:18:09 [restartedMain] INFO  o.s.b.w.embedded.tomcat.TomcatWebServer  ::-> Tomcat started on port 8081 (http) with context path '/books' Tomcat started on port 8081 (http) with context path '/books'
>14-04-2024 07:18:09 [restartedMain] INFO  c.r.bookService.BookServiceApplication   ::-> Started BookServiceApplication in 1.13 seconds (process running for 402.558) Started BookServiceApplication in 1.13 seconds (process running for 402.558)
>14-04-2024 07:18:09 [restartedMain] INFO  o.s.b.d.a.ConditionEvaluationDeltaLoggingListener ::-> Condition evaluation unchanged Condition evaluation unchanged
>14-04-2024 07:18:09 [restartedMain] INFO  c.r.bookService.BookServiceApplication   ::-> ************************ ************************
>14-04-2024 07:18:09 [restartedMain] INFO  c.r.bookService.BookServiceApplication   ::-> STARTED BOOK SERVICE... STARTED BOOK SERVICE...
>14-04-2024 07:18:09 [restartedMain] INFO  c.r.bookService.BookServiceApplication   ::-> ************************ ************************
>14-04-2024 07:18:58 [File Watcher] INFO  o.s.b.d.a.LocalDevToolsAutoConfiguration$RestartingClassPathChangeChangedEventListener ::-> Restarting due to 1 class path change (0 additions, 0 deletions, 1 modification) Restarting due to 1 class path change (0 additions, 0 deletions, 1 modification)
>14-04-2024 07:18:58 [Thread-11] INFO  o.s.o.j.LocalContainerEntityManagerFactoryBean ::-> Closing JPA EntityManagerFactory for persistence unit 'default' Closing JPA EntityManagerFactory for persistence unit 'default'
>14-04-2024 07:18:58 [Thread-11] INFO  com.zaxxer.hikari.HikariDataSource       ::-> HikariPool-3 - Shutdown initiated... HikariPool-3 - Shutdown initiated...
>14-04-2024 07:18:58 [Thread-11] INFO  com.zaxxer.hikari.HikariDataSource       ::-> HikariPool-3 - Shutdown completed. HikariPool-3 - Shutdown completed.
